#
# A fatal error has been detected by the Java Runtime Environment:
#
#  SIGSEGV (0xb) at pc=0x00007fb5bdbbdec3, pid=8922, tid=140418570340160
#
# JRE version: OpenJDK Runtime Environment (7.0_95) (build 1.7.0_95-b00)
# Java VM: OpenJDK 64-Bit Server VM (24.95-b01 mixed mode linux-amd64 compressed oops)
# Derivative: IcedTea 2.6.4
# Distribution: Ubuntu 14.04.3 LTS, package 7u95-2.6.4-0ubuntu0.14.04.1
# Problematic frame:
# V  [libjvm.so+0x7caec3]
#
# Failed to write core dump. Core dumps have been disabled. To enable core dumping, try "ulimit -c unlimited" before starting Java again
#
# If you would like to submit a bug report, please include
# instructions on how to reproduce the bug and visit:
#   http://icedtea.classpath.org/bugzilla
#

---------------  T H R E A D  ---------------

Current thread is native thread

siginfo:si_signo=SIGSEGV: si_errno=0, si_code=1 (SEGV_MAPERR), si_addr=0x0000000000000100

Registers:
RAX=0x0000000000000000, RBX=0x00007fb5bf0146a0, RCX=0xffffffffffffffff, RDX=0x00007fb5bf014a60
RSP=0x00007ffda2c49970, RBP=0x00007ffda2c49a30, RSI=0x00007ffda2c49b70, RDI=0x0000000000000001
R8 =0x0000000000000000, R9 =0x00007fb5bf013700, R10=0x0000000000000000, R11=0x0000000000000246
R12=0x0000000000000002, R13=0x00007ffda2c49b70, R14=0x00007ffda2c49a40, R15=0x0000000000000001
RIP=0x00007fb5bdbbdec3, EFLAGS=0x0000000000010246, CSGSFS=0x0000000000000033, ERR=0x0000000000000004
  TRAPNO=0x000000000000000e

Top of Stack: (sp=0x00007ffda2c49970)
0x00007ffda2c49970:   00007fb5bf035760 0000000015f261d1
0x00007ffda2c49980:   00007ffda2c49ab0 0000000000000007
0x00007ffda2c49990:   00007fb5bf017618 00007ffda2c49a60
0x00007ffda2c499a0:   00007ffda2c49ad0 00007ffda2c499e0
0x00007ffda2c499b0:   00000000be41cf10 fffffffffffffffc
0x00007ffda2c499c0:   0000000a00000000 00000000000022da
0x00007ffda2c499d0:   00000000a2c49ae0 0000000000000000
0x00007ffda2c499e0:   0000000000000000 00007ffda2c49ef4
0x00007ffda2c499f0:   0000000000000000 0000000000000000
0x00007ffda2c49a00:   0000000000000000 00007fb5bf013700
0x00007ffda2c49a10:   00007fb5bf013d28 00007ffda2c4a048
0x00007ffda2c49a20:   00007ffda2c49fe0 0000000000000001
0x00007ffda2c49a30:   00007fb5bf014740 00007fb5be874d40
0x00007ffda2c49a40:   0000000000000001 0000000000000000
0x00007ffda2c49a50:   0000000000000000 0000000000000002
0x00007ffda2c49a60:   0000000000000000 0000000000000000
0x00007ffda2c49a70:   00007fb5bf013700 0000000000000000
0x00007ffda2c49a80:   0000000000000246 00007fb5bf013d28
0x00007ffda2c49a90:   00007ffda2c4a048 00007ffda2c49fe0
0x00007ffda2c49aa0:   0000000000000001 00007fb5bf0139d0
0x00007ffda2c49ab0:   0000000000000000 00007fb5bf014740
0x00007ffda2c49ac0:   00007fb5bf013700 00000000000022f1
0x00007ffda2c49ad0:   00000000000000ca ffffffffffffffff
0x00007ffda2c49ae0:   00007ffda2c49fe0 00007fb5be425669
0x00007ffda2c49af0:   0000000000000246 0000000000000033
0x00007ffda2c49b00:   0000000000000000 0000000000000000
0x00007ffda2c49b10:   0000000000000000 0000000000000000
0x00007ffda2c49b20:   00007ffda2c49c00 00007ffda2d40250
0x00007ffda2c49b30:   000000200000007c 00007fb5bebfc760
0x00007ffda2c49b40:   0000000000000190 0000000000000000
0x00007ffda2c49b50:   00007ffda2c4e450 00007fb5bebfc760
0x00007ffda2c49b60:   0000000000000018 0000000000000000 

Instructions: (pc=0x00007fb5bdbbdec3)
0x00007fb5bdbbdea3:   48 81 ec 98 00 00 00 e8 61 fc a1 ff 44 8b 20 48
0x00007fb5bdbbdeb3:   89 c3 48 8d 05 14 46 60 00 8b 38 e8 8d f9 a1 ff
0x00007fb5bdbbdec3:   4c 8b b8 00 01 00 00 41 8b 87 a8 00 00 00 83 f8
0x00007fb5bdbbded3:   01 74 1a 44 89 23 48 81 c4 98 00 00 00 5b 41 5c 

Register to memory mapping:

RAX=0x0000000000000000 is an unknown value
RBX=0x00007fb5bf0146a0 is an unknown value
RCX=0xffffffffffffffff is an unknown value
RDX=0x00007fb5bf014a60 is an unknown value
RSP=0x00007ffda2c49970 is an unknown value
RBP=0x00007ffda2c49a30 is an unknown value
RSI=0x00007ffda2c49b70 is an unknown value
RDI=0x0000000000000001 is an unknown value
R8 =0x0000000000000000 is an unknown value
R9 =0x00007fb5bf013700 is pointing into the stack for thread: 0x00007fb5b8013000
R10=0x0000000000000000 is an unknown value
R11=0x0000000000000246 is an unknown value
R12=0x0000000000000002 is an unknown value
R13=0x00007ffda2c49b70 is an unknown value
R14=0x00007ffda2c49a40 is an unknown value
R15=0x0000000000000001 is an unknown value


Stack: [0x00007ffda2b54000,0x00007ffda2c54000],  sp=0x00007ffda2c49970,  free space=982k
Native frames: (J=compiled Java code, j=interpreted, Vv=VM code, C=native code)
V  [libjvm.so+0x7caec3]


---------------  P R O C E S S  ---------------

VM state:not at safepoint (normal execution)

VM Mutex/Monitor currently owned by a thread: None

Heap
 PSYoungGen      total 271872K, used 234587K [0x00000000eb280000, 0x0000000100000000, 0x0000000100000000)
  eden space 256000K, 87% used [0x00000000eb280000,0x00000000f8e34eb0,0x00000000fac80000)
  from space 15872K, 60% used [0x00000000fac80000,0x00000000fb5e1f68,0x00000000fbc00000)
  to   space 15360K, 0% used [0x00000000ff100000,0x00000000ff100000,0x0000000100000000)
 ParOldGen       total 187392K, used 119816K [0x00000000c1800000, 0x00000000ccf00000, 0x00000000eb280000)
  object space 187392K, 63% used [0x00000000c1800000,0x00000000c8d020e0,0x00000000ccf00000)
 PSPermGen       total 27648K, used 27333K [0x00000000b7200000, 0x00000000b8d00000, 0x00000000c1800000)
  object space 27648K, 98% used [0x00000000b7200000,0x00000000b8cb1528,0x00000000b8d00000)

Card table byte_map: [0x00007fb5b4797000,0x00007fb5b49df000] byte_map_base: 0x00007fb5b41de000

Polling page: 0x00007fb5bf030000

Code Cache  [0x00007fb5b49df000, 0x00007fb5b4d0f000, 0x00007fb5b79df000)
 total_blobs=1470 nmethods=1053 adapters=369 free_code_cache=46034Kb largest_free_block=47040640

Compilation events (10 events):
Event: 5,291 Thread 0x00007fb5b80b6000 nmethod 1215 0x00007fb5b4cdd110 code [0x00007fb5b4cdd260, 0x00007fb5b4cdd2f8]
Event: 5,291 Thread 0x00007fb5b80b6000 1217             java.io.ObjectOutputStream$BlockDataOutputStream::writeByte (33 bytes)
Event: 5,292 Thread 0x00007fb5b80b6000 nmethod 1217 0x00007fb5b4ce4a90 code [0x00007fb5b4ce4be0, 0x00007fb5b4ce4c98]
Event: 5,293 Thread 0x00007fb5b80b6000 1218   !         java.util.Hashtable::writeObject (131 bytes)
Event: 5,298 Thread 0x00007fb5b80b6000 nmethod 1218 0x00007fb5b4b431d0 code [0x00007fb5b4b433a0, 0x00007fb5b4b43aa0]
Event: 5,299 Thread 0x00007fb5b80b6000 1219             java.util.Arrays::fill (21 bytes)
Event: 5,299 Thread 0x00007fb5b80b6000 nmethod 1219 0x00007fb5b4b44490 code [0x00007fb5b4b445c0, 0x00007fb5b4b44658]
Event: 5,302 Thread 0x00007fb5b80b3000 nmethod 1213 0x00007fb5b4b3bf10 code [0x00007fb5b4b3c240, 0x00007fb5b4b3dea8]
Event: 5,306 Thread 0x00007fb5b80b6000 1220             java.io.Bits::getShort (18 bytes)
Event: 5,306 Thread 0x00007fb5b80b6000 nmethod 1220 0x00007fb5b4a50490 code [0x00007fb5b4a505e0, 0x00007fb5b4a50698]

GC Heap History (10 events):
Event: 1,223 GC heap before
{Heap before GC invocations=3 (full 0):
 PSYoungGen      total 69632K, used 69604K [0x00000000eb280000, 0x00000000efb80000, 0x0000000100000000)
  eden space 64512K, 100% used [0x00000000eb280000,0x00000000ef180000,0x00000000ef180000)
  from space 5120K, 99% used [0x00000000ef680000,0x00000000efb792e0,0x00000000efb80000)
  to   space 5120K, 0% used [0x00000000ef180000,0x00000000ef180000,0x00000000ef680000)
 ParOldGen       total 84480K, used 5043K [0x00000000c1800000, 0x00000000c6a80000, 0x00000000eb280000)
  object space 84480K, 5% used [0x00000000c1800000,0x00000000c1cecf10,0x00000000c6a80000)
 PSPermGen       total 21504K, used 12518K [0x00000000b7200000, 0x00000000b8700000, 0x00000000c1800000)
  object space 21504K, 58% used [0x00000000b7200000,0x00000000b7e398e8,0x00000000b8700000)
Event: 1,232 GC heap after
Heap after GC invocations=3 (full 0):
 PSYoungGen      total 69632K, used 5118K [0x00000000eb280000, 0x00000000f3a80000, 0x0000000100000000)
  eden space 64512K, 0% used [0x00000000eb280000,0x00000000eb280000,0x00000000ef180000)
  from space 5120K, 99% used [0x00000000ef180000,0x00000000ef67f928,0x00000000ef680000)
  to   space 5120K, 0% used [0x00000000f3580000,0x00000000f3580000,0x00000000f3a80000)
 ParOldGen       total 84480K, used 6411K [0x00000000c1800000, 0x00000000c6a80000, 0x00000000eb280000)
  object space 84480K, 7% used [0x00000000c1800000,0x00000000c1e42ec0,0x00000000c6a80000)
 PSPermGen       total 21504K, used 12518K [0x00000000b7200000, 0x00000000b8700000, 0x00000000c1800000)
  object space 21504K, 58% used [0x00000000b7200000,0x00000000b7e398e8,0x00000000b8700000)
}
Event: 1,605 GC heap before
{Heap before GC invocations=4 (full 0):
 PSYoungGen      total 69632K, used 69630K [0x00000000eb280000, 0x00000000f3a80000, 0x0000000100000000)
  eden space 64512K, 100% used [0x00000000eb280000,0x00000000ef180000,0x00000000ef180000)
  from space 5120K, 99% used [0x00000000ef180000,0x00000000ef67f928,0x00000000ef680000)
  to   space 5120K, 0% used [0x00000000f3580000,0x00000000f3580000,0x00000000f3a80000)
 ParOldGen       total 84480K, used 6411K [0x00000000c1800000, 0x00000000c6a80000, 0x00000000eb280000)
  object space 84480K, 7% used [0x00000000c1800000,0x00000000c1e42ec0,0x00000000c6a80000)
 PSPermGen       total 21504K, used 15534K [0x00000000b7200000, 0x00000000b8700000, 0x00000000c1800000)
  object space 21504K, 72% used [0x00000000b7200000,0x00000000b812b908,0x00000000b8700000)
Event: 1,613 GC heap after
Heap after GC invocations=4 (full 0):
 PSYoungGen      total 134144K, used 5113K [0x00000000eb280000, 0x00000000f3a80000, 0x0000000100000000)
  eden space 129024K, 0% used [0x00000000eb280000,0x00000000eb280000,0x00000000f3080000)
  from space 5120K, 99% used [0x00000000f3580000,0x00000000f3a7e7d0,0x00000000f3a80000)
  to   space 5120K, 0% used [0x00000000f3080000,0x00000000f3080000,0x00000000f3580000)
 ParOldGen       total 84480K, used 7386K [0x00000000c1800000, 0x00000000c6a80000, 0x00000000eb280000)
  object space 84480K, 8% used [0x00000000c1800000,0x00000000c1f36ac8,0x00000000c6a80000)
 PSPermGen       total 21504K, used 15534K [0x00000000b7200000, 0x00000000b8700000, 0x00000000c1800000)
  object space 21504K, 72% used [0x00000000b7200000,0x00000000b812b908,0x00000000b8700000)
}
Event: 2,251 GC heap before
{Heap before GC invocations=5 (full 0):
 PSYoungGen      total 134144K, used 134137K [0x00000000eb280000, 0x00000000f3a80000, 0x0000000100000000)
  eden space 129024K, 100% used [0x00000000eb280000,0x00000000f3080000,0x00000000f3080000)
  from space 5120K, 99% used [0x00000000f3580000,0x00000000f3a7e7d0,0x00000000f3a80000)
  to   space 5120K, 0% used [0x00000000f3080000,0x00000000f3080000,0x00000000f3580000)
 ParOldGen       total 84480K, used 7386K [0x00000000c1800000, 0x00000000c6a80000, 0x00000000eb280000)
  object space 84480K, 8% used [0x00000000c1800000,0x00000000c1f36ac8,0x00000000c6a80000)
 PSPermGen       total 22528K, used 22172K [0x00000000b7200000, 0x00000000b8800000, 0x00000000c1800000)
  object space 22528K, 98% used [0x00000000b7200000,0x00000000b87a7340,0x00000000b8800000)
Event: 2,262 GC heap after
Heap after GC invocations=5 (full 0):
 PSYoungGen      total 134144K, used 5103K [0x00000000eb280000, 0x00000000fc980000, 0x0000000100000000)
  eden space 129024K, 0% used [0x00000000eb280000,0x00000000eb280000,0x00000000f3080000)
  from space 5120K, 99% used [0x00000000f3080000,0x00000000f357bdc8,0x00000000f3580000)
  to   space 13824K, 0% used [0x00000000fbc00000,0x00000000fbc00000,0x00000000fc980000)
 ParOldGen       total 84480K, used 15998K [0x00000000c1800000, 0x00000000c6a80000, 0x00000000eb280000)
  object space 84480K, 18% used [0x00000000c1800000,0x00000000c279fa48,0x00000000c6a80000)
 PSPermGen       total 22528K, used 22172K [0x00000000b7200000, 0x00000000b8800000, 0x00000000c1800000)
  object space 22528K, 98% used [0x00000000b7200000,0x00000000b87a7340,0x00000000b8800000)
}
Event: 3,264 GC heap before
{Heap before GC invocations=6 (full 0):
 PSYoungGen      total 134144K, used 134127K [0x00000000eb280000, 0x00000000fc980000, 0x0000000100000000)
  eden space 129024K, 100% used [0x00000000eb280000,0x00000000f3080000,0x00000000f3080000)
  from space 5120K, 99% used [0x00000000f3080000,0x00000000f357bdc8,0x00000000f3580000)
  to   space 13824K, 0% used [0x00000000fbc00000,0x00000000fbc00000,0x00000000fc980000)
 ParOldGen       total 187392K, used 118398K [0x00000000c1800000, 0x00000000ccf00000, 0x00000000eb280000)
  object space 187392K, 63% used [0x00000000c1800000,0x00000000c8b9fa58,0x00000000ccf00000)
 PSPermGen       total 26112K, used 26063K [0x00000000b7200000, 0x00000000b8b80000, 0x00000000c1800000)
  object space 26112K, 99% used [0x00000000b7200000,0x00000000b8b73c48,0x00000000b8b80000)
Event: 3,277 GC heap after
Heap after GC invocations=6 (full 0):
 PSYoungGen      total 269824K, used 13805K [0x00000000eb280000, 0x00000000fcd80000, 0x0000000100000000)
  eden space 256000K, 0% used [0x00000000eb280000,0x00000000eb280000,0x00000000fac80000)
  from space 13824K, 99% used [0x00000000fbc00000,0x00000000fc97b6e0,0x00000000fc980000)
  to   space 15872K, 0% used [0x00000000fac80000,0x00000000fac80000,0x00000000fbc00000)
 ParOldGen       total 187392K, used 118406K [0x00000000c1800000, 0x00000000ccf00000, 0x00000000eb280000)
  object space 187392K, 63% used [0x00000000c1800000,0x00000000c8ba1a58,0x00000000ccf00000)
 PSPermGen       total 26112K, used 26063K [0x00000000b7200000, 0x00000000b8b80000, 0x00000000c1800000)
  object space 26112K, 99% used [0x00000000b7200000,0x00000000b8b73c48,0x00000000b8b80000)
}
Event: 4,530 GC heap before
{Heap before GC invocations=7 (full 0):
 PSYoungGen      total 269824K, used 269805K [0x00000000eb280000, 0x00000000fcd80000, 0x0000000100000000)
  eden space 256000K, 100% used [0x00000000eb280000,0x00000000fac80000,0x00000000fac80000)
  from space 13824K, 99% used [0x00000000fbc00000,0x00000000fc97b6e0,0x00000000fc980000)
  to   space 15872K, 0% used [0x00000000fac80000,0x00000000fac80000,0x00000000fbc00000)
 ParOldGen       total 187392K, used 118406K [0x00000000c1800000, 0x00000000ccf00000, 0x00000000eb280000)
  object space 187392K, 63% used [0x00000000c1800000,0x00000000c8ba1a58,0x00000000ccf00000)
 PSPermGen       total 27136K, used 27061K [0x00000000b7200000, 0x00000000b8c80000, 0x00000000c1800000)
  object space 27136K, 99% used [0x00000000b7200000,0x00000000b8c6d4d8,0x00000000b8c80000)
Event: 4,541 GC heap after
Heap after GC invocations=7 (full 0):
 PSYoungGen      total 271872K, used 9607K [0x00000000eb280000, 0x0000000100000000, 0x0000000100000000)
  eden space 256000K, 0% used [0x00000000eb280000,0x00000000eb280000,0x00000000fac80000)
  from space 15872K, 60% used [0x00000000fac80000,0x00000000fb5e1f68,0x00000000fbc00000)
  to   space 15360K, 0% used [0x00000000ff100000,0x00000000ff100000,0x0000000100000000)
 ParOldGen       total 187392K, used 119816K [0x00000000c1800000, 0x00000000ccf00000, 0x00000000eb280000)
  object space 187392K, 63% used [0x00000000c1800000,0x00000000c8d020e0,0x00000000ccf00000)
 PSPermGen       total 27136K, used 27061K [0x00000000b7200000, 0x00000000b8c80000, 0x00000000c1800000)
  object space 27136K, 99% used [0x00000000b7200000,0x00000000b8c6d4d8,0x00000000b8c80000)
}

Deoptimization events (10 events):
Event: 5,128 Thread 0x00007fb5b8013000 Uncommon trap: reason=bimorphic action=maybe_recompile pc=0x00007fb5b4a677dc method=java.util.regex.Pattern$BmpCharProperty.match(Ljava/util/regex/Matcher;ILjava/lang/CharSequence;)Z @ 31
Event: 5,151 Thread 0x00007fb5b8013000 Uncommon trap: reason=class_check action=maybe_recompile pc=0x00007fb5b4a850e0 method=java.io.Writer.write(Ljava/lang/String;)V @ 7
Event: 5,151 Thread 0x00007fb5b8013000 Uncommon trap: reason=class_check action=maybe_recompile pc=0x00007fb5b4a850e0 method=java.io.Writer.write(Ljava/lang/String;)V @ 7
Event: 5,151 Thread 0x00007fb5b8013000 Uncommon trap: reason=class_check action=maybe_recompile pc=0x00007fb5b4a850e0 method=java.io.Writer.write(Ljava/lang/String;)V @ 7
Event: 5,151 Thread 0x00007fb5b8013000 Uncommon trap: reason=class_check action=maybe_recompile pc=0x00007fb5b4a850e0 method=java.io.Writer.write(Ljava/lang/String;)V @ 7
Event: 5,207 Thread 0x00007fb5b8013000 Uncommon trap: reason=unstable_if action=reinterpret pc=0x00007fb5b4c79534 method=java.lang.Integer.equals(Ljava/lang/Object;)Z @ 18
Event: 5,238 Thread 0x00007fb5b8013000 Uncommon trap: reason=class_check action=maybe_recompile pc=0x00007fb5b4a9e6a4 method=java.util.regex.Matcher.search(I)Z @ 86
Event: 5,238 Thread 0x00007fb5b8013000 Uncommon trap: reason=class_check action=maybe_recompile pc=0x00007fb5b4a9e6a4 method=java.util.regex.Matcher.search(I)Z @ 86
Event: 5,248 Thread 0x00007fb5b8013000 Uncommon trap: reason=unstable_if action=reinterpret pc=0x00007fb5b4c7eb54 method=java.lang.String.valueOf(Ljava/lang/Object;)Ljava/lang/String; @ 1
Event: 5,250 Thread 0x00007fb5b8013000 Uncommon trap: reason=unstable_if action=reinterpret pc=0x00007fb5b4ccb028 method=java.lang.String.valueOf(Ljava/lang/Object;)Ljava/lang/String; @ 1

Internal exceptions (10 events):
Event: 5,248 Thread 0x00007fb5b8013000 Implicit null exception at 0x00007fb5b4c7e7a0 to 0x00007fb5b4c7eb41
Event: 5,250 Thread 0x00007fb5b8013000 Implicit null exception at 0x00007fb5b4ccafec to 0x00007fb5b4ccb01a
Event: 5,250 Thread 0x00007fb5b8013000 Threw 0x00000000f7de5858 at /build/openjdk-7-2FOwCu/openjdk-7-7u95-2.6.4/build/openjdk/hotspot/src/share/vm/prims/jvm.cpp:1322
Event: 5,251 Thread 0x00007fb5b8013000 Threw 0x00000000f7deb7f0 at /build/openjdk-7-2FOwCu/openjdk-7-7u95-2.6.4/build/openjdk/hotspot/src/share/vm/prims/jvm.cpp:1322
Event: 5,251 Thread 0x00007fb5b8013000 Threw 0x00000000f7df3b00 at /build/openjdk-7-2FOwCu/openjdk-7-7u95-2.6.4/build/openjdk/hotspot/src/share/vm/prims/jvm.cpp:1322
Event: 5,251 Thread 0x00007fb5b8013000 Threw 0x00000000f7dfabf0 at /build/openjdk-7-2FOwCu/openjdk-7-7u95-2.6.4/build/openjdk/hotspot/src/share/vm/prims/jvm.cpp:1322
Event: 5,251 Thread 0x00007fb5b8013000 Threw 0x00000000f7e023f8 at /build/openjdk-7-2FOwCu/openjdk-7-7u95-2.6.4/build/openjdk/hotspot/src/share/vm/prims/jvm.cpp:1322
Event: 5,279 Thread 0x00007fb5b8013000 Threw 0x00000000f87f9430 at /build/openjdk-7-2FOwCu/openjdk-7-7u95-2.6.4/build/openjdk/hotspot/src/share/vm/runtime/reflection.cpp:1030
Event: 5,303 Thread 0x00007fb5b8cfc800 Threw 0x00000000f8ae1468 at /build/openjdk-7-2FOwCu/openjdk-7-7u95-2.6.4/build/openjdk/hotspot/src/share/vm/prims/jvm.cpp:1322
Event: 5,303 Thread 0x00007fb5b8cfc800 Threw 0x00000000f8af0a20 at /build/openjdk-7-2FOwCu/openjdk-7-7u95-2.6.4/build/openjdk/hotspot/src/share/vm/prims/jvm.cpp:1322

Events (10 events):
Event: 5,303 loading class 0x00007fb5b00189f0 done
Event: 5,308 Thread 0x00007fb5b00f2000 Thread added: 0x00007fb5b00f2000
Event: 5,308 Thread 0x00007fb5b00f3000 Thread added: 0x00007fb5b00f3000
Event: 35,309 Executing VM operation: RevokeBias
Event: 35,310 Executing VM operation: RevokeBias done
Event: 35,310 Thread 0x00007fb5b00f3000 Thread exited: 0x00007fb5b00f3000
Event: 64,417 Thread 0x00007fb5b8cc6800 Thread exited: 0x00007fb5b8cc6800
Event: 65,149 Executing VM operation: RevokeBias
Event: 65,149 Executing VM operation: RevokeBias done
Event: 65,149 Thread 0x00007fb5b00f1000 Thread exited: 0x00007fb5b00f1000


Dynamic libraries:
00400000-00401000 r-xp 00000000 08:05 2114143                            /usr/lib/jvm/java-7-openjdk-amd64/jre/bin/java
00600000-00601000 r--p 00000000 08:05 2114143                            /usr/lib/jvm/java-7-openjdk-amd64/jre/bin/java
00601000-00602000 rw-p 00001000 08:05 2114143                            /usr/lib/jvm/java-7-openjdk-amd64/jre/bin/java
025e2000-03c42000 rw-p 00000000 00:00 0                                  [heap]
b7200000-b8d00000 rw-p 00000000 00:00 0 
b8d00000-c1800000 rw-p 00000000 00:00 0 
c1800000-ccf00000 rw-p 00000000 00:00 0 
ccf00000-eb280000 rw-p 00000000 00:00 0 
eb280000-100000000 rw-p 00000000 00:00 0 
7fb5a416a000-7fb5a416d000 ---p 00000000 00:00 0 
7fb5a416d000-7fb5a426b000 rw-p 00000000 00:00 0                          [stack:9026]
7fb5a426b000-7fb5a426e000 ---p 00000000 00:00 0 
7fb5a426e000-7fb5a436c000 rw-p 00000000 00:00 0 
7fb5a436c000-7fb5a436f000 ---p 00000000 00:00 0 
7fb5a436f000-7fb5a446d000 rw-p 00000000 00:00 0                          [stack:9005]
7fb5a446d000-7fb5a4470000 ---p 00000000 00:00 0 
7fb5a4470000-7fb5a456e000 rw-p 00000000 00:00 0                          [stack:9004]
7fb5a456e000-7fb5a4571000 ---p 00000000 00:00 0 
7fb5a4571000-7fb5a466f000 rw-p 00000000 00:00 0 
7fb5a466f000-7fb5a4672000 ---p 00000000 00:00 0 
7fb5a4672000-7fb5a4770000 rw-p 00000000 00:00 0 
7fb5a4770000-7fb5a4773000 ---p 00000000 00:00 0 
7fb5a4773000-7fb5a4871000 rw-p 00000000 00:00 0 
7fb5a4923000-7fb5a4926000 ---p 00000000 00:00 0 
7fb5a4926000-7fb5a4a24000 rw-p 00000000 00:00 0                          [stack:9006]
7fb5a4a24000-7fb5a4a27000 ---p 00000000 00:00 0 
7fb5a4a27000-7fb5a4b25000 rw-p 00000000 00:00 0 
7fb5a4b9d000-7fb5a4ba0000 ---p 00000000 00:00 0 
7fb5a4ba0000-7fb5a4bd6000 rw-p 00000000 00:00 0 
7fb5a4bd6000-7fb5a4bd9000 ---p 00000000 00:00 0 
7fb5a4bd9000-7fb5a4cd7000 rw-p 00000000 00:00 0 
7fb5a4cd7000-7fb5a4ce2000 r--s 00203000 08:05 2114179                    /usr/lib/jvm/java-7-openjdk-amd64/jre/lib/charsets.jar
7fb5a4ce2000-7fb5a4ce5000 ---p 00000000 00:00 0 
7fb5a4ce5000-7fb5a4de3000 rw-p 00000000 00:00 0                          [stack:9032]
7fb5a4de3000-7fb5a4de6000 ---p 00000000 00:00 0 
7fb5a4de6000-7fb5a4ee4000 rw-p 00000000 00:00 0 
7fb5a4ee4000-7fb5a4ee7000 ---p 00000000 00:00 0 
7fb5a4ee7000-7fb5a4fe5000 rw-p 00000000 00:00 0                          [stack:9031]
7fb5a4fe5000-7fb5a5004000 r-xp 00000000 08:05 1587888                    /usr/local/hadoop-2.6.4/lib/native/libhadoop.so.1.0.0
7fb5a5004000-7fb5a5204000 ---p 0001f000 08:05 1587888                    /usr/local/hadoop-2.6.4/lib/native/libhadoop.so.1.0.0
7fb5a5204000-7fb5a5205000 r--p 0001f000 08:05 1587888                    /usr/local/hadoop-2.6.4/lib/native/libhadoop.so.1.0.0
7fb5a5205000-7fb5a5206000 rw-p 00020000 08:05 1587888                    /usr/local/hadoop-2.6.4/lib/native/libhadoop.so.1.0.0
7fb5a5206000-7fb5a5223000 r--s 00176000 08:05 1587490                    /home/zoliqa/Downloads/pig/mongo-hadoop-pig-1.5.0.jar
7fb5a5223000-7fb5a523e000 r--s 00150000 08:05 1587512                    /home/zoliqa/Downloads/pig/mongo-java-driver-3.2.2.jar
7fb5a523e000-7fb5a523f000 r-xp 00000000 08:05 2114229                    /usr/lib/jvm/java-7-openjdk-amd64/jre/lib/amd64/libjaas_unix.so
7fb5a523f000-7fb5a543e000 ---p 00001000 08:05 2114229                    /usr/lib/jvm/java-7-openjdk-amd64/jre/lib/amd64/libjaas_unix.so
7fb5a543e000-7fb5a543f000 r--p 00000000 08:05 2114229                    /usr/lib/jvm/java-7-openjdk-amd64/jre/lib/amd64/libjaas_unix.so
7fb5a543f000-7fb5a5440000 rw-p 00001000 08:05 2114229                    /usr/lib/jvm/java-7-openjdk-amd64/jre/lib/amd64/libjaas_unix.so
7fb5a5440000-7fb5a5448000 r-xp 00000000 08:05 2114221                    /usr/lib/jvm/java-7-openjdk-amd64/jre/lib/amd64/libmanagement.so
7fb5a5448000-7fb5a5647000 ---p 00008000 08:05 2114221                    /usr/lib/jvm/java-7-openjdk-amd64/jre/lib/amd64/libmanagement.so
7fb5a5647000-7fb5a5648000 r--p 00007000 08:05 2114221                    /usr/lib/jvm/java-7-openjdk-amd64/jre/lib/amd64/libmanagement.so
7fb5a5648000-7fb5a5649000 rw-p 00008000 08:05 2114221                    /usr/lib/jvm/java-7-openjdk-amd64/jre/lib/amd64/libmanagement.so
7fb5a5649000-7fb5a564c000 ---p 00000000 00:00 0 
7fb5a564c000-7fb5a574a000 rw-p 00000000 00:00 0                          [stack:8961]
7fb5a574a000-7fb5a574d000 ---p 00000000 00:00 0 
7fb5a574d000-7fb5a5783000 rw-p 00000000 00:00 0 
7fb5a5783000-7fb5a57c3000 r--s 003e0000 08:05 1582919                    /home/zoliqa/Downloads/pig/pig-0.15.0/pig-0.15.0-core-h2.jar
7fb5a57c3000-7fb5a57f4000 rw-p 00000000 00:00 0 
7fb5a57f4000-7fb5a5831000 r-xp 00000000 08:05 791078                     /lib/x86_64-linux-gnu/libpcre.so.3.13.1
7fb5a5831000-7fb5a5a30000 ---p 0003d000 08:05 791078                     /lib/x86_64-linux-gnu/libpcre.so.3.13.1
7fb5a5a30000-7fb5a5a31000 r--p 0003c000 08:05 791078                     /lib/x86_64-linux-gnu/libpcre.so.3.13.1
7fb5a5a31000-7fb5a5a32000 rw-p 0003d000 08:05 791078                     /lib/x86_64-linux-gnu/libpcre.so.3.13.1
7fb5a5a32000-7fb5a5a39000 r-xp 00000000 08:05 2100297                    /usr/lib/x86_64-linux-gnu/libffi.so.6.0.1
7fb5a5a39000-7fb5a5c38000 ---p 00007000 08:05 2100297                    /usr/lib/x86_64-linux-gnu/libffi.so.6.0.1
7fb5a5c38000-7fb5a5c39000 r--p 00006000 08:05 2100297                    /usr/lib/x86_64-linux-gnu/libffi.so.6.0.1
7fb5a5c39000-7fb5a5c3a000 rw-p 00007000 08:05 2100297                    /usr/lib/x86_64-linux-gnu/libffi.so.6.0.1
7fb5a5c3a000-7fb5a5c51000 r-xp 00000000 08:05 791115                     /lib/x86_64-linux-gnu/libresolv-2.19.so
7fb5a5c51000-7fb5a5e51000 ---p 00017000 08:05 791115                     /lib/x86_64-linux-gnu/libresolv-2.19.so
7fb5a5e51000-7fb5a5e52000 r--p 00017000 08:05 791115                     /lib/x86_64-linux-gnu/libresolv-2.19.so
7fb5a5e52000-7fb5a5e53000 rw-p 00018000 08:05 791115                     /lib/x86_64-linux-gnu/libresolv-2.19.so
7fb5a5e53000-7fb5a5e55000 rw-p 00000000 00:00 0 
7fb5a5e55000-7fb5a5e75000 r-xp 00000000 08:05 791105                     /lib/x86_64-linux-gnu/libselinux.so.1
7fb5a5e75000-7fb5a6074000 ---p 00020000 08:05 791105                     /lib/x86_64-linux-gnu/libselinux.so.1
7fb5a6074000-7fb5a6075000 r--p 0001f000 08:05 791105                     /lib/x86_64-linux-gnu/libselinux.so.1
7fb5a6075000-7fb5a6076000 rw-p 00020000 08:05 791105                     /lib/x86_64-linux-gnu/libselinux.so.1
7fb5a6076000-7fb5a6078000 rw-p 00000000 00:00 0 
7fb5a6078000-7fb5a607b000 r-xp 00000000 08:05 2106861                    /usr/lib/x86_64-linux-gnu/libgmodule-2.0.so.0.4002.0
7fb5a607b000-7fb5a627a000 ---p 00003000 08:05 2106861                    /usr/lib/x86_64-linux-gnu/libgmodule-2.0.so.0.4002.0
7fb5a627a000-7fb5a627b000 r--p 00002000 08:05 2106861                    /usr/lib/x86_64-linux-gnu/libgmodule-2.0.so.0.4002.0
7fb5a627b000-7fb5a627c000 rw-p 00003000 08:05 2106861                    /usr/lib/x86_64-linux-gnu/libgmodule-2.0.so.0.4002.0
7fb5a627c000-7fb5a6382000 r-xp 00000000 08:05 791006                     /lib/x86_64-linux-gnu/libglib-2.0.so.0.4002.0
7fb5a6382000-7fb5a6581000 ---p 00106000 08:05 791006                     /lib/x86_64-linux-gnu/libglib-2.0.so.0.4002.0
7fb5a6581000-7fb5a6582000 r--p 00105000 08:05 791006                     /lib/x86_64-linux-gnu/libglib-2.0.so.0.4002.0
7fb5a6582000-7fb5a6583000 rw-p 00106000 08:05 791006                     /lib/x86_64-linux-gnu/libglib-2.0.so.0.4002.0
7fb5a6583000-7fb5a6584000 rw-p 00000000 00:00 0 
7fb5a6584000-7fb5a65d3000 r-xp 00000000 08:05 2106877                    /usr/lib/x86_64-linux-gnu/libgobject-2.0.so.0.4002.0
7fb5a65d3000-7fb5a67d3000 ---p 0004f000 08:05 2106877                    /usr/lib/x86_64-linux-gnu/libgobject-2.0.so.0.4002.0
7fb5a67d3000-7fb5a67d4000 r--p 0004f000 08:05 2106877                    /usr/lib/x86_64-linux-gnu/libgobject-2.0.so.0.4002.0
7fb5a67d4000-7fb5a67d5000 rw-p 00050000 08:05 2106877                    /usr/lib/x86_64-linux-gnu/libgobject-2.0.so.0.4002.0
7fb5a67d5000-7fb5a6941000 r-xp 00000000 08:05 2106849                    /usr/lib/x86_64-linux-gnu/libgio-2.0.so.0.4002.0
7fb5a6941000-7fb5a6b40000 ---p 0016c000 08:05 2106849                    /usr/lib/x86_64-linux-gnu/libgio-2.0.so.0.4002.0
7fb5a6b40000-7fb5a6b44000 r--p 0016b000 08:05 2106849                    /usr/lib/x86_64-linux-gnu/libgio-2.0.so.0.4002.0
7fb5a6b44000-7fb5a6b46000 rw-p 0016f000 08:05 2106849                    /usr/lib/x86_64-linux-gnu/libgio-2.0.so.0.4002.0
7fb5a6b46000-7fb5a6b48000 rw-p 00000000 00:00 0 
7fb5a6b51000-7fb5a6b52000 rw-p 00000000 00:00 0 
7fb5a6b52000-7fb5a6b5c000 r--s 000ae000 08:05 2114196                    /usr/lib/jvm/java-7-openjdk-amd64/jre/lib/resources.jar
7fb5a6b5c000-7fb5a6b5e000 r--s 0001c000 08:05 1574257                    /home/zoliqa/Downloads/pig/mongo-hadoop-core-1.5.0.jar
7fb5a6b5e000-7fb5a6b60000 r--s 00018000 08:05 2114237                    /usr/lib/jvm/java-7-openjdk-amd64/jre/lib/jce.jar
7fb5a6b60000-7fb5a6b77000 r-xp 00000000 08:05 2114234                    /usr/lib/jvm/java-7-openjdk-amd64/jre/lib/amd64/libnet.so
7fb5a6b77000-7fb5a6d76000 ---p 00017000 08:05 2114234                    /usr/lib/jvm/java-7-openjdk-amd64/jre/lib/amd64/libnet.so
7fb5a6d76000-7fb5a6d77000 r--p 00016000 08:05 2114234                    /usr/lib/jvm/java-7-openjdk-amd64/jre/lib/amd64/libnet.so
7fb5a6d77000-7fb5a6d78000 rw-p 00017000 08:05 2114234                    /usr/lib/jvm/java-7-openjdk-amd64/jre/lib/amd64/libnet.so
7fb5a6d78000-7fb5a6d88000 r-xp 00000000 08:05 2114217                    /usr/lib/jvm/java-7-openjdk-amd64/jre/lib/amd64/libnio.so
7fb5a6d88000-7fb5a6f88000 ---p 00010000 08:05 2114217                    /usr/lib/jvm/java-7-openjdk-amd64/jre/lib/amd64/libnio.so
7fb5a6f88000-7fb5a6f89000 r--p 00010000 08:05 2114217                    /usr/lib/jvm/java-7-openjdk-amd64/jre/lib/amd64/libnio.so
7fb5a6f89000-7fb5a6f8a000 rw-p 00011000 08:05 2114217                    /usr/lib/jvm/java-7-openjdk-amd64/jre/lib/amd64/libnio.so
7fb5a6f8a000-7fb5a6f8b000 r--s 00001000 08:05 1582882                    /home/zoliqa/Downloads/pig/pig-0.15.0/lib/h2/tez-yarn-timeline-history-with-acls-0.7.0.jar
7fb5a6f8b000-7fb5a6f95000 r--s 00079000 08:05 1582881                    /home/zoliqa/Downloads/pig/pig-0.15.0/lib/h2/tez-runtime-library-0.7.0.jar
7fb5a6f95000-7fb5a6f98000 r--s 00024000 08:05 1582880                    /home/zoliqa/Downloads/pig/pig-0.15.0/lib/h2/tez-runtime-internals-0.7.0.jar
7fb5a6f98000-7fb5a6f9d000 r--s 0003e000 08:05 1582879                    /home/zoliqa/Downloads/pig/pig-0.15.0/lib/h2/tez-mapreduce-0.7.0.jar
7fb5a6f9d000-7fb5a6fb0000 r--s 0010d000 08:05 1582878                    /home/zoliqa/Downloads/pig/pig-0.15.0/lib/h2/tez-dag-0.7.0.jar
7fb5a6fb0000-7fb5a6fb2000 r--s 0000e000 08:05 1582877                    /home/zoliqa/Downloads/pig/pig-0.15.0/lib/h2/tez-common-0.7.0.jar
7fb5a6fb2000-7fb5a6fbe000 r--s 000c5000 08:05 1582876                    /home/zoliqa/Downloads/pig/pig-0.15.0/lib/h2/tez-api-0.7.0.jar
7fb5a6fbe000-7fb5a6fc0000 r--s 0000a000 08:05 1582875                    /home/zoliqa/Downloads/pig/pig-0.15.0/lib/h2/hive-shims-0.23-0.14.0.jar
7fb5a6fc0000-7fb5a6feb000 r--s 00314000 08:05 1582874                    /home/zoliqa/Downloads/pig/pig-0.15.0/lib/h2/hbase-server-0.98.12-hadoop2.jar
7fb5a6feb000-7fb5a701b000 r--s 0033f000 08:05 1582873                    /home/zoliqa/Downloads/pig/pig-0.15.0/lib/h2/hbase-protocol-0.98.12-hadoop2.jar
7fb5a701b000-7fb5a701d000 r--s 00007000 08:05 1582871                    /home/zoliqa/Downloads/pig/pig-0.15.0/lib/h2/hbase-hadoop-compat-0.98.12-hadoop2.jar
7fb5a701d000-7fb5a7020000 r--s 00011000 08:05 1582872                    /home/zoliqa/Downloads/pig/pig-0.15.0/lib/h2/hbase-hadoop2-compat-0.98.12-hadoop2.jar
7fb5a7020000-7fb5a7028000 r--s 00068000 08:05 1582870                    /home/zoliqa/Downloads/pig/pig-0.15.0/lib/h2/hbase-common-0.98.12-hadoop2.jar
7fb5a7028000-7fb5a7036000 r--s 000e4000 08:05 1582869                    /home/zoliqa/Downloads/pig/pig-0.15.0/lib/h2/hbase-client-0.98.12-hadoop2.jar
7fb5a7036000-7fb5a7043000 r--s 00088000 08:05 1582868                    /home/zoliqa/Downloads/pig/pig-0.15.0/lib/h2/commons-collections4-4.0.jar
7fb5a7043000-7fb5a7047000 r--s 00026000 08:05 1582867                    /home/zoliqa/Downloads/pig/pig-0.15.0/lib/h2/avro-mapred-1.7.5-hadoop2.jar
7fb5a7047000-7fb5a7087000 r--s 003e0000 08:05 1582919                    /home/zoliqa/Downloads/pig/pig-0.15.0/pig-0.15.0-core-h2.jar
7fb5a7087000-7fb5a7093000 r--s 000b3000 08:05 1582912                    /home/zoliqa/Downloads/pig/pig-0.15.0/lib/zookeeper-3.4.5.jar
7fb5a7093000-7fb5a7095000 r--s 0000a000 08:05 1582911                    /home/zoliqa/Downloads/pig/pig-0.15.0/lib/trevni-core-1.7.5.jar
7fb5a7095000-7fb5a7097000 r--s 00009000 08:05 1582910                    /home/zoliqa/Downloads/pig/pig-0.15.0/lib/trevni-avro-1.7.5.jar
7fb5a7097000-7fb5a709b000 r--s 00036000 08:05 1582846                    /home/zoliqa/Downloads/pig/pig-0.15.0/lib/ST4-4.0.4.jar
7fb5a709b000-7fb5a709e000 r--s 00067000 08:05 1582909                    /home/zoliqa/Downloads/pig/pig-0.15.0/lib/snappy-java-1.1.0.1.jar
7fb5a709e000-7fb5a70a6000 r--s 0007b000 08:05 1582908                    /home/zoliqa/Downloads/pig/pig-0.15.0/lib/protobuf-java-2.5.0.jar
7fb5a70a6000-7fb5a70ad000 r--s 00059000 08:05 1582907                    /home/zoliqa/Downloads/pig/pig-0.15.0/lib/piggybank.jar
7fb5a70ad000-7fb5a70b5000 r--s 00065000 08:05 1582906                    /home/zoliqa/Downloads/pig/pig-0.15.0/lib/kryo-2.22.jar
7fb5a70b5000-7fb5a7152000 r--s 00d11000 08:05 1582905                    /home/zoliqa/Downloads/pig/pig-0.15.0/lib/jython-standalone-2.5.3.jar
7fb5a7152000-7fb5a7153000 r--s 00003000 08:05 1582904                    /home/zoliqa/Downloads/pig/pig-0.15.0/lib/json-simple-1.1.jar
7fb5a7153000-7fb5a715c000 r--s 000cc000 08:05 1582903                    /home/zoliqa/Downloads/pig/pig-0.15.0/lib/js-1.7R2.jar
7fb5a715c000-7fb5a7185000 rw-p 00000000 00:00 0 
7fb5a7185000-7fb5a7271000 r--s 00c1c000 08:05 1582902                    /home/zoliqa/Downloads/pig/pig-0.15.0/lib/jruby-complete-1.6.7.jar
7fb5a7271000-7fb5a7280000 r--s 00081000 08:05 1582901                    /home/zoliqa/Downloads/pig/pig-0.15.0/lib/joda-time-2.5.jar
7fb5a7280000-7fb5a7282000 r--s 00015000 08:05 1582900                    /home/zoliqa/Downloads/pig/pig-0.15.0/lib/jline-1.0.jar
7fb5a7282000-7fb5a7284000 r--s 0001a000 08:05 1582899                    /home/zoliqa/Downloads/pig/pig-0.15.0/lib/jansi-1.9.jar
7fb5a7284000-7fb5a7291000 r--s 00097000 08:05 1582898                    /home/zoliqa/Downloads/pig/pig-0.15.0/lib/jackson-mapper-asl-1.8.8.jar
7fb5a7291000-7fb5a7295000 r--s 00034000 08:05 1582897                    /home/zoliqa/Downloads/pig/pig-0.15.0/lib/jackson-core-asl-1.8.8.jar
7fb5a7295000-7fb5a7298000 r--s 00011000 08:05 1582896                    /home/zoliqa/Downloads/pig/pig-0.15.0/lib/hive-shims-common-secure-0.14.0.jar
7fb5a7298000-7fb5a729a000 r--s 00009000 08:05 1582895                    /home/zoliqa/Downloads/pig/pig-0.15.0/lib/hive-shims-common-0.14.0.jar
7fb5a729a000-7fb5a72ab000 r--s 000b6000 08:05 1582894                    /home/zoliqa/Downloads/pig/pig-0.15.0/lib/hive-serde-0.14.0.jar
7fb5a72ab000-7fb5a7318000 r--s 006a9000 08:05 1582893                    /home/zoliqa/Downloads/pig/pig-0.15.0/lib/hive-exec-0.14.0-core.jar
7fb5a7318000-7fb5a731b000 r--s 00036000 08:05 1582892                    /home/zoliqa/Downloads/pig/pig-0.15.0/lib/hive-common-0.14.0.jar
7fb5a731b000-7fb5a733b000 r--s 00173000 08:05 1582858                    /home/zoliqa/Downloads/pig/pig-0.15.0/lib/guava-11.0.jar
7fb5a733b000-7fb5a7397000 r--s 00586000 08:05 1582857                    /home/zoliqa/Downloads/pig/pig-0.15.0/lib/groovy-all-1.8.6.jar
7fb5a7397000-7fb5a7399000 r--s 00011000 08:05 1582856                    /home/zoliqa/Downloads/pig/pig-0.15.0/lib/avro-tools-1.7.5-nodeps.jar
7fb5a7399000-7fb5a73a1000 r--s 0005a000 08:05 1582855                    /home/zoliqa/Downloads/pig/pig-0.15.0/lib/avro-1.7.5.jar
7fb5a73a1000-7fb5a73a6000 r--s 00027000 08:05 1582854                    /home/zoliqa/Downloads/pig/pig-0.15.0/lib/automaton-1.11-8.jar
7fb5a73a6000-7fb5a73a7000 r--s 0000a000 08:05 1582853                    /home/zoliqa/Downloads/pig/pig-0.15.0/lib/asm-3.3.1.jar
7fb5a73a7000-7fb5a73ab000 r--s 00025000 08:05 1582852                    /home/zoliqa/Downloads/pig/pig-0.15.0/lib/antlr-runtime-3.4.jar
7fb5a73ab000-7fb5a73af000 r--s 00019000 08:05 1582851                    /home/zoliqa/Downloads/pig/pig-0.15.0/lib/accumulo-trace-1.5.0.jar
7fb5a73af000-7fb5a73b2000 r--s 0000b000 08:05 1582850                    /home/zoliqa/Downloads/pig/pig-0.15.0/lib/accumulo-start-1.5.0.jar
7fb5a73b2000-7fb5a73c5000 r--s 0013b000 08:05 1582849                    /home/zoliqa/Downloads/pig/pig-0.15.0/lib/accumulo-server-1.5.0.jar
7fb5a73c5000-7fb5a73c8000 r--s 00014000 08:05 1582848                    /home/zoliqa/Downloads/pig/pig-0.15.0/lib/accumulo-fate-1.5.0.jar
7fb5a73c8000-7fb5a740a000 r--s 00348000 08:05 1582847                    /home/zoliqa/Downloads/pig/pig-0.15.0/lib/accumulo-core-1.5.0.jar
7fb5a740a000-7fb5a7422000 r--s 0015a000 08:05 1704894                    /usr/local/hadoop-2.6.4/share/hadoop/mapreduce/hadoop-mapreduce-client-core-2.6.4.jar
7fb5a7422000-7fb5a7438000 r--s 00158000 08:05 1704896                    /usr/local/hadoop-2.6.4/share/hadoop/mapreduce/hadoop-mapreduce-client-jobclient-2.6.4-tests.jar
7fb5a7438000-7fb5a7444000 r--s 00097000 08:05 1704921                    /usr/local/hadoop-2.6.4/share/hadoop/mapreduce/hadoop-mapreduce-client-common-2.6.4.jar
7fb5a7444000-7fb5a744e000 r--s 00072000 08:05 1704893                    /usr/local/hadoop-2.6.4/share/hadoop/mapreduce/hadoop-mapreduce-client-app-2.6.4.jar
7fb5a744e000-7fb5a7453000 r--s 00035000 08:05 1704873                    /usr/local/hadoop-2.6.4/share/hadoop/mapreduce/hadoop-mapreduce-client-hs-2.6.4.jar
7fb5a7453000-7fb5a7454000 r--s 00000000 08:05 1704895                    /usr/local/hadoop-2.6.4/share/hadoop/mapreduce/hadoop-mapreduce-client-hs-plugins-2.6.4.jar
7fb5a7454000-7fb5a7456000 r--s 00008000 08:05 1704872                    /usr/local/hadoop-2.6.4/share/hadoop/mapreduce/hadoop-mapreduce-client-jobclient-2.6.4.jar
7fb5a7456000-7fb5a7457000 r--s 0000a000 08:05 1704874                    /usr/local/hadoop-2.6.4/share/hadoop/mapreduce/hadoop-mapreduce-client-shuffle-2.6.4.jar
7fb5a7457000-7fb5a745d000 r--s 0003d000 08:05 1704875                    /usr/local/hadoop-2.6.4/share/hadoop/mapreduce/hadoop-mapreduce-examples-2.6.4.jar
7fb5a745d000-7fb5a745f000 r--s 00009000 08:05 1704916                    /usr/local/hadoop-2.6.4/share/hadoop/mapreduce/lib/hamcrest-core-1.3.jar
7fb5a745f000-7fb5a746e000 r--s 0009f000 08:05 1704911                    /usr/local/hadoop-2.6.4/share/hadoop/mapreduce/lib/guice-3.0.jar
7fb5a746e000-7fb5a7477000 r--s 0006f000 08:05 1704900                    /usr/local/hadoop-2.6.4/share/hadoop/mapreduce/lib/log4j-1.2.17.jar
7fb5a7477000-7fb5a7485000 r--s 000b1000 08:05 1704903                    /usr/local/hadoop-2.6.4/share/hadoop/mapreduce/lib/jackson-mapper-asl-1.9.13.jar
7fb5a7485000-7fb5a748f000 r--s 00066000 08:05 1704909                    /usr/local/hadoop-2.6.4/share/hadoop/mapreduce/lib/jersey-core-1.9.jar
7fb5a748f000-7fb5a7494000 r--s 00036000 08:05 1704908                    /usr/local/hadoop-2.6.4/share/hadoop/mapreduce/lib/commons-compress-1.4.1.jar
7fb5a7494000-7fb5a7496000 r--s 0000e000 08:05 1704914                    /usr/local/hadoop-2.6.4/share/hadoop/mapreduce/lib/guice-servlet-3.0.jar
7fb5a7496000-7fb5a7497000 r--s 00003000 08:05 1704910                    /usr/local/hadoop-2.6.4/share/hadoop/mapreduce/lib/jersey-guice-1.9.jar
7fb5a7497000-7fb5a7499000 r--s 00006000 08:05 1704899                    /usr/local/hadoop-2.6.4/share/hadoop/mapreduce/lib/paranamer-2.3.jar
7fb5a7499000-7fb5a749b000 r--s 000f2000 08:05 1704915                    /usr/local/hadoop-2.6.4/share/hadoop/mapreduce/lib/snappy-java-1.0.4.1.jar
7fb5a749b000-7fb5a74a3000 r--s 0007b000 08:05 1704905                    /usr/local/hadoop-2.6.4/share/hadoop/mapreduce/lib/protobuf-java-2.5.0.jar
7fb5a74a3000-7fb5a74a7000 r--s 0002a000 08:05 1704898                    /usr/local/hadoop-2.6.4/share/hadoop/mapreduce/lib/commons-io-2.4.jar
7fb5a74a7000-7fb5a74ab000 r--s 00035000 08:05 1704919                    /usr/local/hadoop-2.6.4/share/hadoop/mapreduce/lib/jackson-core-asl-1.9.13.jar
7fb5a74ab000-7fb5a74c2000 r--s 0010e000 08:05 1704907                    /usr/local/hadoop-2.6.4/share/hadoop/mapreduce/lib/netty-3.6.2.Final.jar
7fb5a74c2000-7fb5a74c9000 r--s 00044000 08:05 1704904                    /usr/local/hadoop-2.6.4/share/hadoop/mapreduce/lib/avro-1.7.4.jar
7fb5a74c9000-7fb5a74cf000 r--s 00036000 08:05 1704917                    /usr/local/hadoop-2.6.4/share/hadoop/mapreduce/lib/junit-4.11.jar
7fb5a74cf000-7fb5a74e1000 r--s 0009d000 08:05 1704902                    /usr/local/hadoop-2.6.4/share/hadoop/mapreduce/lib/jersey-server-1.9.jar
7fb5a74e1000-7fb5a74e4000 r--s 000fd000 08:05 1704918                    /usr/local/hadoop-2.6.4/share/hadoop/mapreduce/lib/leveldbjni-all-1.8.jar
7fb5a74e4000-7fb5a74e6000 r--s 00003000 08:05 1704901                    /usr/local/hadoop-2.6.4/share/hadoop/mapreduce/lib/hadoop-annotations-2.6.4.jar
7fb5a74e6000-7fb5a74ea000 r--s 00014000 08:05 1704912                    /usr/local/hadoop-2.6.4/share/hadoop/mapreduce/lib/xz-1.0.jar
7fb5a74ea000-7fb5a74ec000 r--s 00000000 08:05 1704906                    /usr/local/hadoop-2.6.4/share/hadoop/mapreduce/lib/aopalliance-1.0.jar
7fb5a74ec000-7fb5a74ed000 r--s 0000a000 08:05 1704913                    /usr/local/hadoop-2.6.4/share/hadoop/mapreduce/lib/asm-3.2.jar
7fb5a74ed000-7fb5a74ee000 r--s 00000000 08:05 1704920                    /usr/local/hadoop-2.6.4/share/hadoop/mapreduce/lib/javax.inject-1.jar
7fb5a74ee000-7fb5a7504000 r--s 00172000 08:05 1704288                    /usr/local/hadoop-2.6.4/share/hadoop/yarn/hadoop-yarn-common-2.6.4.jar
7fb5a7504000-7fb5a7507000 r--s 0001d000 08:05 1704293                    /usr/local/hadoop-2.6.4/share/hadoop/yarn/hadoop-yarn-client-2.6.4.jar
7fb5a7507000-7fb5a7514000 r--s 00090000 08:05 1704290                    /usr/local/hadoop-2.6.4/share/hadoop/yarn/hadoop-yarn-server-nodemanager-2.6.4.jar
7fb5a7514000-7fb5a7518000 r--s 00025000 08:05 1704260                    /usr/local/hadoop-2.6.4/share/hadoop/yarn/hadoop-yarn-server-applicationhistoryservice-2.6.4.jar
7fb5a7518000-7fb5a751a000 r--s 00006000 08:05 1704285                    /usr/local/hadoop-2.6.4/share/hadoop/yarn/hadoop-yarn-server-web-proxy-2.6.4.jar
7fb5a751a000-7fb5a751b000 r--s 00003000 08:05 1704334                    /usr/local/hadoop-2.6.4/share/hadoop/yarn/hadoop-yarn-applications-unmanaged-am-launcher-2.6.4.jar
7fb5a751b000-7fb5a751d000 r--s 0000a000 08:05 1704335                    /usr/local/hadoop-2.6.4/share/hadoop/yarn/hadoop-yarn-applications-distributedshell-2.6.4.jar
7fb5a751d000-7fb5a7520000 r--s 00015000 08:05 1704287                    /usr/local/hadoop-2.6.4/share/hadoop/yarn/hadoop-yarn-registry-2.6.4.jar
7fb5a7520000-7fb5a7522000 r--s 00008000 08:05 1704289                    /usr/local/hadoop-2.6.4/share/hadoop/yarn/hadoop-yarn-server-tests-2.6.4.jar
7fb5a7522000-7fb5a753d000 r--s 001af000 08:05 1704261                    /usr/local/hadoop-2.6.4/share/hadoop/yarn/hadoop-yarn-api-2.6.4.jar
7fb5a753d000-7fb5a7543000 r--s 00043000 08:05 1704262                    /usr/local/hadoop-2.6.4/share/hadoop/yarn/hadoop-yarn-server-common-2.6.4.jar
7fb5a7543000-7fb5a7558000 r--s 00108000 08:05 1704286                    /usr/local/hadoop-2.6.4/share/hadoop/yarn/hadoop-yarn-server-resourcemanager-2.6.4.jar
7fb5a7558000-7fb5a755a000 r--s 0000d000 08:05 1704307                    /usr/local/hadoop-2.6.4/share/hadoop/yarn/lib/commons-codec-1.4.jar
7fb5a755a000-7fb5a7566000 r--s 000b6000 08:05 1704302                    /usr/local/hadoop-2.6.4/share/hadoop/yarn/lib/zookeeper-3.4.6.jar
7fb5a7566000-7fb5a756c000 r--s 00045000 08:05 1704320                    /usr/local/hadoop-2.6.4/share/hadoop/yarn/lib/commons-httpclient-3.1.jar
7fb5a756c000-7fb5a757b000 r--s 0009f000 08:05 1704318                    /usr/local/hadoop-2.6.4/share/hadoop/yarn/lib/guice-3.0.jar
7fb5a757b000-7fb5a757f000 r--s 00021000 08:05 1704325                    /usr/local/hadoop-2.6.4/share/hadoop/yarn/lib/jersey-json-1.9.jar
7fb5a757f000-7fb5a7592000 r--s 000c7000 08:05 1704298                    /usr/local/hadoop-2.6.4/share/hadoop/yarn/lib/jaxb-impl-2.2.3-1.jar
7fb5a7592000-7fb5a759b000 r--s 0006f000 08:05 1704301                    /usr/local/hadoop-2.6.4/share/hadoop/yarn/lib/log4j-1.2.17.jar
7fb5a759b000-7fb5a75a9000 r--s 000b1000 08:05 1704306                    /usr/local/hadoop-2.6.4/share/hadoop/yarn/lib/jackson-mapper-asl-1.9.13.jar
7fb5a75a9000-7fb5a75ab000 r--s 00004000 08:05 1704321                    /usr/local/hadoop-2.6.4/share/hadoop/yarn/lib/stax-api-1.0-2.jar
7fb5a75ab000-7fb5a75af000 r--s 00028000 08:05 1704309                    /usr/local/hadoop-2.6.4/share/hadoop/yarn/lib/jetty-util-6.1.26.jar
7fb5a75af000-7fb5a75b0000 r--s 00004000 08:05 1704297                    /usr/local/hadoop-2.6.4/share/hadoop/yarn/lib/jackson-jaxrs-1.9.13.jar
7fb5a75b0000-7fb5a75b2000 r--s 00018000 08:05 1704332                    /usr/local/hadoop-2.6.4/share/hadoop/yarn/lib/servlet-api-2.5.jar
7fb5a75b2000-7fb5a75d3000 r--s 00172000 08:05 1704314                    /usr/local/hadoop-2.6.4/share/hadoop/yarn/lib/guava-11.0.2.jar
7fb5a75d3000-7fb5a75dd000 r--s 00066000 08:05 1704316                    /usr/local/hadoop-2.6.4/share/hadoop/yarn/lib/jersey-core-1.9.jar
7fb5a75dd000-7fb5a75e2000 r--s 00036000 08:05 1704315                    /usr/local/hadoop-2.6.4/share/hadoop/yarn/lib/commons-compress-1.4.1.jar
7fb5a75e2000-7fb5a75e4000 r--s 0000e000 08:05 1704326                    /usr/local/hadoop-2.6.4/share/hadoop/yarn/lib/guice-servlet-3.0.jar
7fb5a75e4000-7fb5a75e5000 r--s 00003000 08:05 1704317                    /usr/local/hadoop-2.6.4/share/hadoop/yarn/lib/jersey-guice-1.9.jar
7fb5a75e5000-7fb5a75e8000 r--s 00017000 08:05 1704328                    /usr/local/hadoop-2.6.4/share/hadoop/yarn/lib/jaxb-api-2.2.2.jar
7fb5a75e8000-7fb5a75e9000 r--s 00006000 08:05 1704323                    /usr/local/hadoop-2.6.4/share/hadoop/yarn/lib/jackson-xc-1.9.13.jar
7fb5a75e9000-7fb5a75f1000 r--s 0007b000 08:05 1704310                    /usr/local/hadoop-2.6.4/share/hadoop/yarn/lib/protobuf-java-2.5.0.jar
7fb5a75f1000-7fb5a75f6000 r--s 00041000 08:05 1704329                    /usr/local/hadoop-2.6.4/share/hadoop/yarn/lib/commons-lang-2.6.jar
7fb5a75f6000-7fb5a7603000 r--s 00083000 08:05 1704299                    /usr/local/hadoop-2.6.4/share/hadoop/yarn/lib/commons-collections-3.2.2.jar
7fb5a7603000-7fb5a7607000 r--s 0002a000 08:05 1704300                    /usr/local/hadoop-2.6.4/share/hadoop/yarn/lib/commons-io-2.4.jar
7fb5a7607000-7fb5a760a000 r--s 00006000 08:05 1704303                    /usr/local/hadoop-2.6.4/share/hadoop/yarn/lib/jsr305-1.3.9.jar
7fb5a760a000-7fb5a7611000 r--s 0007d000 08:05 1704327                    /usr/local/hadoop-2.6.4/share/hadoop/yarn/lib/jetty-6.1.26.jar
7fb5a7611000-7fb5a7615000 r--s 00035000 08:05 1704331                    /usr/local/hadoop-2.6.4/share/hadoop/yarn/lib/jackson-core-asl-1.9.13.jar
7fb5a7615000-7fb5a7618000 r--s 0001d000 08:05 1704311                    /usr/local/hadoop-2.6.4/share/hadoop/yarn/lib/jersey-client-1.9.jar
7fb5a7618000-7fb5a762f000 r--s 0010e000 08:05 1704313                    /usr/local/hadoop-2.6.4/share/hadoop/yarn/lib/netty-3.6.2.Final.jar
7fb5a762f000-7fb5a7631000 r--s 0000e000 08:05 1704296                    /usr/local/hadoop-2.6.4/share/hadoop/yarn/lib/activation-1.1.jar
7fb5a7631000-7fb5a7643000 r--s 0009d000 08:05 1704305                    /usr/local/hadoop-2.6.4/share/hadoop/yarn/lib/jersey-server-1.9.jar
7fb5a7643000-7fb5a7645000 r--s 0000e000 08:05 1704324                    /usr/local/hadoop-2.6.4/share/hadoop/yarn/lib/commons-logging-1.1.3.jar
7fb5a7645000-7fb5a7648000 r--s 000fd000 08:05 1704330                    /usr/local/hadoop-2.6.4/share/hadoop/yarn/lib/leveldbjni-all-1.8.jar
7fb5a7648000-7fb5a764c000 r--s 00014000 08:05 1704319                    /usr/local/hadoop-2.6.4/share/hadoop/yarn/lib/xz-1.0.jar
7fb5a764c000-7fb5a764e000 r--s 00014000 08:05 1704295                    /usr/local/hadoop-2.6.4/share/hadoop/yarn/lib/jline-0.9.94.jar
7fb5a764e000-7fb5a7650000 r--s 00000000 08:05 1704312                    /usr/local/hadoop-2.6.4/share/hadoop/yarn/lib/aopalliance-1.0.jar
7fb5a7650000-7fb5a7652000 r--s 00009000 08:05 1704308                    /usr/local/hadoop-2.6.4/share/hadoop/yarn/lib/commons-cli-1.2.jar
7fb5a7652000-7fb5a7654000 r--s 0000f000 08:05 1704304                    /usr/local/hadoop-2.6.4/share/hadoop/yarn/lib/jettison-1.1.jar
7fb5a7654000-7fb5a7655000 r--s 0000a000 08:05 1704322                    /usr/local/hadoop-2.6.4/share/hadoop/yarn/lib/asm-3.2.jar
7fb5a7655000-7fb5a7656000 r--s 00000000 08:05 1704333                    /usr/local/hadoop-2.6.4/share/hadoop/yarn/lib/javax.inject-1.jar
7fb5a7656000-7fb5a7678000 r--s 002d2000 08:05 1704168                    /usr/local/hadoop-2.6.4/share/hadoop/hdfs/hadoop-hdfs-2.6.4-tests.jar
7fb5a7678000-7fb5a767a000 r--s 00016000 08:05 1704140                    /usr/local/hadoop-2.6.4/share/hadoop/hdfs/hadoop-hdfs-nfs-2.6.4.jar
7fb5a767a000-7fb5a76e1000 r--s 00727000 08:05 1704092                    /usr/local/hadoop-2.6.4/share/hadoop/hdfs/hadoop-hdfs-2.6.4.jar
7fb5a76e1000-7fb5a76e3000 r--s 0000d000 08:05 1704152                    /usr/local/hadoop-2.6.4/share/hadoop/hdfs/lib/commons-codec-1.4.jar
7fb5a76e3000-7fb5a76e5000 r--s 00011000 08:05 1704167                    /usr/local/hadoop-2.6.4/share/hadoop/hdfs/lib/jasper-runtime-5.5.23.jar
7fb5a76e5000-7fb5a76ee000 r--s 0006f000 08:05 1704146                    /usr/local/hadoop-2.6.4/share/hadoop/hdfs/lib/log4j-1.2.17.jar
7fb5a76ee000-7fb5a76fc000 r--s 000b1000 08:05 1704151                    /usr/local/hadoop-2.6.4/share/hadoop/hdfs/lib/jackson-mapper-asl-1.9.13.jar
7fb5a76fc000-7fb5a76ff000 r--s 00019000 08:05 1704149                    /usr/local/hadoop-2.6.4/share/hadoop/hdfs/lib/commons-el-1.0.jar
7fb5a76ff000-7fb5a7703000 r--s 00028000 08:05 1704154                    /usr/local/hadoop-2.6.4/share/hadoop/hdfs/lib/jetty-util-6.1.26.jar
7fb5a7703000-7fb5a7706000 r--s 00016000 08:05 1704144                    /usr/local/hadoop-2.6.4/share/hadoop/hdfs/lib/jsp-api-2.1.jar
7fb5a7706000-7fb5a7708000 r--s 00018000 08:05 1704165                    /usr/local/hadoop-2.6.4/share/hadoop/hdfs/lib/servlet-api-2.5.jar
7fb5a7708000-7fb5a7729000 r--s 00172000 08:05 1704158                    /usr/local/hadoop-2.6.4/share/hadoop/hdfs/lib/guava-11.0.2.jar
7fb5a7729000-7fb5a7733000 r--s 00066000 08:05 1704159                    /usr/local/hadoop-2.6.4/share/hadoop/hdfs/lib/jersey-core-1.9.jar
7fb5a7733000-7fb5a773b000 r--s 00028000 08:05 1704142                    /usr/local/hadoop-2.6.4/share/hadoop/hdfs/lib/xml-apis-1.3.04.jar
7fb5a773b000-7fb5a773d000 r--s 00006000 08:05 1704143                    /usr/local/hadoop-2.6.4/share/hadoop/hdfs/lib/htrace-core-3.0.4.jar
7fb5a773d000-7fb5a7745000 r--s 0007b000 08:05 1704155                    /usr/local/hadoop-2.6.4/share/hadoop/hdfs/lib/protobuf-java-2.5.0.jar
7fb5a7745000-7fb5a774a000 r--s 00041000 08:05 1704163                    /usr/local/hadoop-2.6.4/share/hadoop/hdfs/lib/commons-lang-2.6.jar
7fb5a774a000-7fb5a774e000 r--s 0002a000 08:05 1704145                    /usr/local/hadoop-2.6.4/share/hadoop/hdfs/lib/commons-io-2.4.jar
7fb5a774e000-7fb5a7751000 r--s 00006000 08:05 1704148                    /usr/local/hadoop-2.6.4/share/hadoop/hdfs/lib/jsr305-1.3.9.jar
7fb5a7751000-7fb5a7769000 r--s 00115000 08:05 1704156                    /usr/local/hadoop-2.6.4/share/hadoop/hdfs/lib/xercesImpl-2.9.1.jar
7fb5a7769000-7fb5a7780000 r--s 0010e000 08:05 1704157                    /usr/local/hadoop-2.6.4/share/hadoop/hdfs/lib/netty-3.6.2.Final.jar
7fb5a7780000-7fb5a7792000 r--s 0009d000 08:05 1704150                    /usr/local/hadoop-2.6.4/share/hadoop/hdfs/lib/jersey-server-1.9.jar
7fb5a7792000-7fb5a77ae000 r--s 00197000 08:05 1704176                    /usr/local/hadoop-2.6.4/share/hadoop/common/hadoop-common-2.6.4-tests.jar
7fb5a77ae000-7fb5a8000000 r--p 00000000 08:05 2104805                    /usr/lib/locale/locale-archive
7fb5a8000000-7fb5a9707000 rw-p 00000000 00:00 0 
7fb5a9707000-7fb5ac000000 ---p 00000000 00:00 0 
7fb5ac000000-7fb5ac007000 r--s 0007d000 08:05 1704162                    /usr/local/hadoop-2.6.4/share/hadoop/hdfs/lib/jetty-6.1.26.jar
7fb5ac007000-7fb5ac00b000 r--s 00035000 08:05 1704164                    /usr/local/hadoop-2.6.4/share/hadoop/hdfs/lib/jackson-core-asl-1.9.13.jar
7fb5ac00b000-7fb5ac00d000 r--s 0000e000 08:05 1704161                    /usr/local/hadoop-2.6.4/share/hadoop/hdfs/lib/commons-logging-1.1.3.jar
7fb5ac00d000-7fb5ac00f000 r--s 00009000 08:05 1704153                    /usr/local/hadoop-2.6.4/share/hadoop/hdfs/lib/commons-cli-1.2.jar
7fb5ac00f000-7fb5ac010000 r--s 00003000 08:05 1704166                    /usr/local/hadoop-2.6.4/share/hadoop/hdfs/lib/xmlenc-0.52.jar
7fb5ac010000-7fb5ac011000 r--s 00005000 08:05 1704147                    /usr/local/hadoop-2.6.4/share/hadoop/hdfs/lib/commons-daemon-1.0.13.jar
7fb5ac011000-7fb5ac012000 r--s 0000a000 08:05 1704160                    /usr/local/hadoop-2.6.4/share/hadoop/hdfs/lib/asm-3.2.jar
7fb5ac012000-7fb5ac016000 r--s 0004f000 08:05 2114180                    /usr/lib/jvm/java-7-openjdk-amd64/jre/lib/jsse.jar
7fb5ac016000-7fb5ac04a000 r--s 002f7000 08:05 1704175                    /usr/local/hadoop-2.6.4/share/hadoop/common/hadoop-common-2.6.4.jar
7fb5ac04a000-7fb5ac04f000 r--s 00022000 08:05 1704177                    /usr/local/hadoop-2.6.4/share/hadoop/common/hadoop-nfs-2.6.4.jar
7fb5ac04f000-7fb5ac06c000 r--s 0013e000 08:05 1704253                    /usr/local/hadoop-2.6.4/share/hadoop/common/lib/mockito-all-1.8.5.jar
7fb5ac06c000-7fb5ac06e000 r--s 0000d000 08:05 1704219                    /usr/local/hadoop-2.6.4/share/hadoop/common/lib/commons-codec-1.4.jar
7fb5ac06e000-7fb5ac070000 r--s 00009000 08:05 1704247                    /usr/local/hadoop-2.6.4/share/hadoop/common/lib/hamcrest-core-1.3.jar
7fb5ac070000-7fb5ac07c000 r--s 000b6000 08:05 1704210                    /usr/local/hadoop-2.6.4/share/hadoop/common/lib/zookeeper-3.4.6.jar
7fb5ac07c000-7fb5ac082000 r--s 00045000 08:05 1704234                    /usr/local/hadoop-2.6.4/share/hadoop/common/lib/commons-httpclient-3.1.jar
7fb5ac082000-7fb5ac084000 r--s 00011000 08:05 1704258                    /usr/local/hadoop-2.6.4/share/hadoop/common/lib/jasper-runtime-5.5.23.jar
7fb5ac084000-7fb5ac089000 r--s 0005f000 08:05 1704194                    /usr/local/hadoop-2.6.4/share/hadoop/common/lib/jasper-compiler-5.5.23.jar
7fb5ac089000-7fb5ac08d000 r--s 00021000 08:05 1704241                    /usr/local/hadoop-2.6.4/share/hadoop/common/lib/jersey-json-1.9.jar
7fb5ac08d000-7fb5ac0a0000 r--s 000c7000 08:05 1704202                    /usr/local/hadoop-2.6.4/share/hadoop/common/lib/jaxb-impl-2.2.3-1.jar
7fb5ac0a0000-7fb5ac0a9000 r--s 0006f000 08:05 1704208                    /usr/local/hadoop-2.6.4/share/hadoop/common/lib/log4j-1.2.17.jar
7fb5ac0a9000-7fb5ac0b7000 r--s 000b1000 08:05 1704217                    /usr/local/hadoop-2.6.4/share/hadoop/common/lib/jackson-mapper-asl-1.9.13.jar
7fb5ac0b7000-7fb5ac0b8000 r--s 0000a000 08:05 1704256                    /usr/local/hadoop-2.6.4/share/hadoop/common/lib/apacheds-i18n-2.0.0-M15.jar
7fb5ac0b8000-7fb5ac0ba000 r--s 00004000 08:05 1704236                    /usr/local/hadoop-2.6.4/share/hadoop/common/lib/stax-api-1.0-2.jar
7fb5ac0ba000-7fb5ac0bc000 r--s 00012000 08:05 1704231                    /usr/local/hadoop-2.6.4/share/hadoop/common/lib/api-util-1.0.0-M20.jar
7fb5ac0bc000-7fb5ac0bf000 r--s 00019000 08:05 1704214                    /usr/local/hadoop-2.6.4/share/hadoop/common/lib/commons-el-1.0.jar
7fb5ac0bf000-7fb5ac0d1000 r--s 00097000 08:05 1704204                    /usr/local/hadoop-2.6.4/share/hadoop/common/lib/apacheds-kerberos-codec-2.0.0-M15.jar
7fb5ac0d1000-7fb5ac0d5000 r--s 00028000 08:05 1704222                    /usr/local/hadoop-2.6.4/share/hadoop/common/lib/jetty-util-6.1.26.jar
7fb5ac0d5000-7fb5ac0da000 r--s 0003e000 08:05 1704221                    /usr/local/hadoop-2.6.4/share/hadoop/common/lib/commons-net-3.1.jar
7fb5ac0da000-7fb5ac0dd000 r--s 00016000 08:05 1704201                    /usr/local/hadoop-2.6.4/share/hadoop/common/lib/jsp-api-2.1.jar
7fb5ac0dd000-7fb5ac0de000 r--s 00004000 08:05 1704200                    /usr/local/hadoop-2.6.4/share/hadoop/common/lib/jackson-jaxrs-1.9.13.jar
7fb5ac0de000-7fb5ac0e7000 r--s 0007b000 08:05 1704209                    /usr/local/hadoop-2.6.4/share/hadoop/common/lib/jets3t-0.9.0.jar
7fb5ac0e7000-7fb5ac0e9000 r--s 00018000 08:05 1704254                    /usr/local/hadoop-2.6.4/share/hadoop/common/lib/servlet-api-2.5.jar
7fb5ac0e9000-7fb5ac10a000 r--s 00172000 08:05 1704226                    /usr/local/hadoop-2.6.4/share/hadoop/common/lib/guava-11.0.2.jar
7fb5ac10a000-7fb5ac114000 r--s 00066000 08:05 1704230                    /usr/local/hadoop-2.6.4/share/hadoop/common/lib/jersey-core-1.9.jar
7fb5ac114000-7fb5ac119000 r--s 00036000 08:05 1704227                    /usr/local/hadoop-2.6.4/share/hadoop/common/lib/commons-compress-1.4.1.jar
7fb5ac119000-7fb5ac11b000 r--s 00006000 08:05 1704198                    /usr/local/hadoop-2.6.4/share/hadoop/common/lib/htrace-core-3.0.4.jar
7fb5ac11b000-7fb5ac11e000 r--s 00017000 08:05 1704248                    /usr/local/hadoop-2.6.4/share/hadoop/common/lib/jaxb-api-2.2.2.jar
7fb5ac11e000-7fb5ac124000 r--s 00028000 08:05 1704195                    /usr/local/hadoop-2.6.4/share/hadoop/common/lib/curator-framework-2.6.0.jar
7fb5ac124000-7fb5ac126000 r--s 00006000 08:05 1704206                    /usr/local/hadoop-2.6.4/share/hadoop/common/lib/paranamer-2.3.jar
7fb5ac126000-7fb5ac12d000 r--s 00036000 08:05 1704196                    /usr/local/hadoop-2.6.4/share/hadoop/common/lib/curator-recipes-2.6.0.jar
7fb5ac12d000-7fb5ac12e000 r--s 00006000 08:05 1704239                    /usr/local/hadoop-2.6.4/share/hadoop/common/lib/jackson-xc-1.9.13.jar
7fb5ac12e000-7fb5ac130000 r--s 000f2000 08:05 1704246                    /usr/local/hadoop-2.6.4/share/hadoop/common/lib/snappy-java-1.0.4.1.jar
7fb5ac130000-7fb5ac138000 r--s 0007b000 08:05 1704223                    /usr/local/hadoop-2.6.4/share/hadoop/common/lib/protobuf-java-2.5.0.jar
7fb5ac138000-7fb5ac155000 r--s 0016a000 08:05 1704244                    /usr/local/hadoop-2.6.4/share/hadoop/common/lib/commons-math3-3.1.1.jar
7fb5ac155000-7fb5ac15a000 r--s 00041000 08:05 1704249                    /usr/local/hadoop-2.6.4/share/hadoop/common/lib/commons-lang-2.6.jar
7fb5ac15a000-7fb5ac15c000 r--s 0000f000 08:05 1704242                    /usr/local/hadoop-2.6.4/share/hadoop/common/lib/hadoop-auth-2.6.4.jar
7fb5ac15c000-7fb5ac169000 r--s 00083000 08:05 1704203                    /usr/local/hadoop-2.6.4/share/hadoop/common/lib/commons-collections-3.2.2.jar
7fb5ac169000-7fb5ac16d000 r--s 0002a000 08:05 1704205                    /usr/local/hadoop-2.6.4/share/hadoop/common/lib/commons-io-2.4.jar
7fb5ac16d000-7fb5ac170000 r--s 00006000 08:05 1704211                    /usr/local/hadoop-2.6.4/share/hadoop/common/lib/jsr305-1.3.9.jar
7fb5ac170000-7fb5ac174000 r--s 00020000 08:05 1704225                    /usr/local/hadoop-2.6.4/share/hadoop/common/lib/commons-digester-1.8.jar
7fb5ac174000-7fb5ac178000 r--s 0002f000 08:05 1704235                    /usr/local/hadoop-2.6.4/share/hadoop/common/lib/commons-beanutils-core-1.8.0.jar
7fb5ac178000-7fb5ac17f000 r--s 0007d000 08:05 1704245                    /usr/local/hadoop-2.6.4/share/hadoop/common/lib/jetty-6.1.26.jar
7fb5ac17f000-7fb5ac183000 r--s 00035000 08:05 1704252                    /usr/local/hadoop-2.6.4/share/hadoop/common/lib/jackson-core-asl-1.9.13.jar
7fb5ac183000-7fb5ac186000 r--s 0002b000 08:05 1704228                    /usr/local/hadoop-2.6.4/share/hadoop/common/lib/jsch-0.1.42.jar
7fb5ac186000-7fb5ac19d000 r--s 0010e000 08:05 1704224                    /usr/local/hadoop-2.6.4/share/hadoop/common/lib/netty-3.6.2.Final.jar
7fb5ac19d000-7fb5ac1a6000 r--s 00061000 08:05 1704207                    /usr/local/hadoop-2.6.4/share/hadoop/common/lib/httpclient-4.2.5.jar
7fb5ac1a6000-7fb5ac1ad000 r--s 00044000 08:05 1704218                    /usr/local/hadoop-2.6.4/share/hadoop/common/lib/avro-1.7.4.jar
7fb5ac1ad000-7fb5ac1af000 r--s 0000e000 08:05 1704199                    /usr/local/hadoop-2.6.4/share/hadoop/common/lib/activation-1.1.jar
7fb5ac1af000-7fb5ac1b5000 r--s 00036000 08:05 1704250                    /usr/local/hadoop-2.6.4/share/hadoop/common/lib/junit-4.11.jar
7fb5ac1b5000-7fb5ac1b7000 r--s 00005000 08:05 1704243                    /usr/local/hadoop-2.6.4/share/hadoop/common/lib/slf4j-api-1.7.5.jar
7fb5ac1b7000-7fb5ac1c9000 r--s 0009d000 08:05 1704216                    /usr/local/hadoop-2.6.4/share/hadoop/common/lib/jersey-server-1.9.jar
7fb5ac1c9000-7fb5ac1ce000 r--s 0002a000 08:05 1704197                    /usr/local/hadoop-2.6.4/share/hadoop/common/lib/gson-2.2.4.jar
7fb5ac1ce000-7fb5ac1d0000 r--s 0000e000 08:05 1704240                    /usr/local/hadoop-2.6.4/share/hadoop/common/lib/commons-logging-1.1.3.jar
7fb5ac1d0000-7fb5ac1d1000 r--s 00004000 08:05 1704213                    /usr/local/hadoop-2.6.4/share/hadoop/common/lib/java-xmlbuilder-0.4.jar
7fb5ac1d1000-7fb5ac1d7000 r--s 00032000 08:05 1704255                    /usr/local/hadoop-2.6.4/share/hadoop/common/lib/httpcore-4.2.5.jar
7fb5ac1d7000-7fb5ac1d9000 r--s 00003000 08:05 1704212                    /usr/local/hadoop-2.6.4/share/hadoop/common/lib/hadoop-annotations-2.6.4.jar
7fb5ac1d9000-7fb5ac1da000 ---p 00000000 00:00 0 
7fb5ac1da000-7fb5ac2da000 rw-p 00000000 00:00 0                          [stack:8957]
7fb5ac2da000-7fb5ac2dd000 ---p 00000000 00:00 0 
7fb5ac2dd000-7fb5ac3db000 rw-p 00000000 00:00 0                          [stack:8956]
7fb5ac3db000-7fb5ac3de000 ---p 00000000 00:00 0 
7fb5ac3de000-7fb5ac4dc000 rw-p 00000000 00:00 0                          [stack:8955]
7fb5ac4dc000-7fb5ac4df000 ---p 00000000 00:00 0 
7fb5ac4df000-7fb5ac5dd000 rw-p 00000000 00:00 0                          [stack:8954]
7fb5ac5dd000-7fb5ac5e0000 ---p 00000000 00:00 0 
7fb5ac5e0000-7fb5ac6de000 rw-p 00000000 00:00 0                          [stack:8953]
7fb5ac6de000-7fb5ac6e1000 ---p 00000000 00:00 0 
7fb5ac6e1000-7fb5ac7df000 rw-p 00000000 00:00 0                          [stack:8952]
7fb5ac7df000-7fb5ac7e2000 ---p 00000000 00:00 0 
7fb5ac7e2000-7fb5ac8e0000 rw-p 00000000 00:00 0                          [stack:8951]
7fb5ac8e0000-7fb5ac8e1000 ---p 00000000 00:00 0 
7fb5ac8e1000-7fb5ad9de000 rw-p 00000000 00:00 0                          [stack:8950]
7fb5ad9de000-7fb5adb90000 r--s 01d2f000 08:05 2114203                    /usr/lib/jvm/java-7-openjdk-amd64/jre/lib/rt.jar
7fb5adb90000-7fb5b0000000 rw-p 00000000 00:00 0 
7fb5b0000000-7fb5b00fd000 rw-p 00000000 00:00 0 
7fb5b00fd000-7fb5b4000000 ---p 00000000 00:00 0 
7fb5b4000000-7fb5b4340000 rw-p 00000000 00:00 0 
7fb5b4340000-7fb5b4341000 ---p 00000000 00:00 0 
7fb5b4341000-7fb5b4441000 rw-p 00000000 00:00 0                          [stack:8949]
7fb5b4441000-7fb5b4442000 ---p 00000000 00:00 0 
7fb5b4442000-7fb5b4542000 rw-p 00000000 00:00 0                          [stack:8948]
7fb5b4542000-7fb5b4543000 ---p 00000000 00:00 0 
7fb5b4543000-7fb5b4643000 rw-p 00000000 00:00 0                          [stack:8947]
7fb5b4643000-7fb5b4644000 ---p 00000000 00:00 0 
7fb5b4644000-7fb5b4752000 rw-p 00000000 00:00 0                          [stack:8946]
7fb5b4752000-7fb5b4797000 rw-p 00000000 00:00 0 
7fb5b4797000-7fb5b47a5000 rw-p 00000000 00:00 0 
7fb5b47a5000-7fb5b47ea000 rw-p 00000000 00:00 0 
7fb5b47ea000-7fb5b4846000 rw-p 00000000 00:00 0 
7fb5b4846000-7fb5b4937000 rw-p 00000000 00:00 0 
7fb5b4937000-7fb5b49de000 rw-p 00000000 00:00 0 
7fb5b49de000-7fb5b49df000 rw-p 00000000 00:00 0 
7fb5b49df000-7fb5b4d0f000 rwxp 00000000 00:00 0 
7fb5b4d0f000-7fb5b79df000 rw-p 00000000 00:00 0 
7fb5b79df000-7fb5b79e7000 r-xp 00000000 08:05 2114212                    /usr/lib/jvm/java-7-openjdk-amd64/jre/lib/amd64/libzip.so
7fb5b79e7000-7fb5b7be6000 ---p 00008000 08:05 2114212                    /usr/lib/jvm/java-7-openjdk-amd64/jre/lib/amd64/libzip.so
7fb5b7be6000-7fb5b7be7000 r--p 00007000 08:05 2114212                    /usr/lib/jvm/java-7-openjdk-amd64/jre/lib/amd64/libzip.so
7fb5b7be7000-7fb5b7be8000 rw-p 00008000 08:05 2114212                    /usr/lib/jvm/java-7-openjdk-amd64/jre/lib/amd64/libzip.so
7fb5b7be8000-7fb5b7bf3000 r-xp 00000000 08:05 794192                     /lib/x86_64-linux-gnu/libnss_files-2.19.so
7fb5b7bf3000-7fb5b7df2000 ---p 0000b000 08:05 794192                     /lib/x86_64-linux-gnu/libnss_files-2.19.so
7fb5b7df2000-7fb5b7df3000 r--p 0000a000 08:05 794192                     /lib/x86_64-linux-gnu/libnss_files-2.19.so
7fb5b7df3000-7fb5b7df4000 rw-p 0000b000 08:05 794192                     /lib/x86_64-linux-gnu/libnss_files-2.19.so
7fb5b7df4000-7fb5b7dff000 r-xp 00000000 08:05 794184                     /lib/x86_64-linux-gnu/libnss_nis-2.19.so
7fb5b7dff000-7fb5b7ffe000 ---p 0000b000 08:05 794184                     /lib/x86_64-linux-gnu/libnss_nis-2.19.so
7fb5b7ffe000-7fb5b7fff000 r--p 0000a000 08:05 794184                     /lib/x86_64-linux-gnu/libnss_nis-2.19.so
7fb5b7fff000-7fb5b8000000 rw-p 0000b000 08:05 794184                     /lib/x86_64-linux-gnu/libnss_nis-2.19.so
7fb5b8000000-7fb5b9abe000 rw-p 00000000 00:00 0 
7fb5b9abe000-7fb5bc000000 ---p 00000000 00:00 0 
7fb5bc000000-7fb5bc002000 r--s 00001000 08:05 1704238                    /usr/local/hadoop-2.6.4/share/hadoop/common/lib/slf4j-log4j12-1.7.5.jar
7fb5bc002000-7fb5bc006000 r--s 00014000 08:05 1704233                    /usr/local/hadoop-2.6.4/share/hadoop/common/lib/xz-1.0.jar
7fb5bc006000-7fb5bc008000 r--s 00009000 08:05 1704220                    /usr/local/hadoop-2.6.4/share/hadoop/common/lib/commons-cli-1.2.jar
7fb5bc008000-7fb5bc00a000 r--s 0000f000 08:05 1704251                    /usr/local/hadoop-2.6.4/share/hadoop/common/lib/curator-client-2.6.0.jar
7fb5bc00a000-7fb5bc00c000 r--s 0000f000 08:05 1704215                    /usr/local/hadoop-2.6.4/share/hadoop/common/lib/jettison-1.1.jar
7fb5bc00c000-7fb5bc011000 r--s 0002a000 08:05 1704229                    /usr/local/hadoop-2.6.4/share/hadoop/common/lib/commons-beanutils-1.7.0.jar
7fb5bc011000-7fb5bc012000 r--s 00003000 08:05 1704257                    /usr/local/hadoop-2.6.4/share/hadoop/common/lib/xmlenc-0.52.jar
7fb5bc012000-7fb5bc013000 r--s 0000a000 08:05 1704237                    /usr/local/hadoop-2.6.4/share/hadoop/common/lib/asm-3.2.jar
7fb5bc013000-7fb5bc019000 r--s 00043000 08:05 1704193                    /usr/local/hadoop-2.6.4/share/hadoop/common/lib/commons-configuration-1.6.jar
7fb5bc019000-7fb5bc075000 rw-p 00000000 00:00 0 
7fb5bc075000-7fb5bc167000 rw-p 00000000 00:00 0 
7fb5bc167000-7fb5bc17e000 r-xp 00000000 08:05 794180                     /lib/x86_64-linux-gnu/libnsl-2.19.so
7fb5bc17e000-7fb5bc37d000 ---p 00017000 08:05 794180                     /lib/x86_64-linux-gnu/libnsl-2.19.so
7fb5bc37d000-7fb5bc37e000 r--p 00016000 08:05 794180                     /lib/x86_64-linux-gnu/libnsl-2.19.so
7fb5bc37e000-7fb5bc37f000 rw-p 00017000 08:05 794180                     /lib/x86_64-linux-gnu/libnsl-2.19.so
7fb5bc37f000-7fb5bc381000 rw-p 00000000 00:00 0 
7fb5bc381000-7fb5bc38a000 r-xp 00000000 08:05 794179                     /lib/x86_64-linux-gnu/libnss_compat-2.19.so
7fb5bc38a000-7fb5bc589000 ---p 00009000 08:05 794179                     /lib/x86_64-linux-gnu/libnss_compat-2.19.so
7fb5bc589000-7fb5bc58a000 r--p 00008000 08:05 794179                     /lib/x86_64-linux-gnu/libnss_compat-2.19.so
7fb5bc58a000-7fb5bc58b000 rw-p 00009000 08:05 794179                     /lib/x86_64-linux-gnu/libnss_compat-2.19.so
7fb5bc58b000-7fb5bc5b6000 r-xp 00000000 08:05 2114230                    /usr/lib/jvm/java-7-openjdk-amd64/jre/lib/amd64/libjava.so
7fb5bc5b6000-7fb5bc7b6000 ---p 0002b000 08:05 2114230                    /usr/lib/jvm/java-7-openjdk-amd64/jre/lib/amd64/libjava.so
7fb5bc7b6000-7fb5bc7b7000 r--p 0002b000 08:05 2114230                    /usr/lib/jvm/java-7-openjdk-amd64/jre/lib/amd64/libjava.so
7fb5bc7b7000-7fb5bc7b9000 rw-p 0002c000 08:05 2114230                    /usr/lib/jvm/java-7-openjdk-amd64/jre/lib/amd64/libjava.so
7fb5bc7b9000-7fb5bc7c9000 r-xp 00000000 08:05 2114215                    /usr/lib/jvm/java-7-openjdk-amd64/jre/lib/amd64/libverify.so
7fb5bc7c9000-7fb5bc9c8000 ---p 00010000 08:05 2114215                    /usr/lib/jvm/java-7-openjdk-amd64/jre/lib/amd64/libverify.so
7fb5bc9c8000-7fb5bc9ca000 r--p 0000f000 08:05 2114215                    /usr/lib/jvm/java-7-openjdk-amd64/jre/lib/amd64/libverify.so
7fb5bc9ca000-7fb5bc9cb000 rw-p 00011000 08:05 2114215                    /usr/lib/jvm/java-7-openjdk-amd64/jre/lib/amd64/libverify.so
7fb5bc9cb000-7fb5bc9d2000 r-xp 00000000 08:05 794188                     /lib/x86_64-linux-gnu/librt-2.19.so
7fb5bc9d2000-7fb5bcbd1000 ---p 00007000 08:05 794188                     /lib/x86_64-linux-gnu/librt-2.19.so
7fb5bcbd1000-7fb5bcbd2000 r--p 00006000 08:05 794188                     /lib/x86_64-linux-gnu/librt-2.19.so
7fb5bcbd2000-7fb5bcbd3000 rw-p 00007000 08:05 794188                     /lib/x86_64-linux-gnu/librt-2.19.so
7fb5bcbd3000-7fb5bcbe9000 r-xp 00000000 08:05 790952                     /lib/x86_64-linux-gnu/libgcc_s.so.1
7fb5bcbe9000-7fb5bcde8000 ---p 00016000 08:05 790952                     /lib/x86_64-linux-gnu/libgcc_s.so.1
7fb5bcde8000-7fb5bcde9000 rw-p 00015000 08:05 790952                     /lib/x86_64-linux-gnu/libgcc_s.so.1
7fb5bcde9000-7fb5bceee000 r-xp 00000000 08:05 791123                     /lib/x86_64-linux-gnu/libm-2.19.so
7fb5bceee000-7fb5bd0ed000 ---p 00105000 08:05 791123                     /lib/x86_64-linux-gnu/libm-2.19.so
7fb5bd0ed000-7fb5bd0ee000 r--p 00104000 08:05 791123                     /lib/x86_64-linux-gnu/libm-2.19.so
7fb5bd0ee000-7fb5bd0ef000 rw-p 00105000 08:05 791123                     /lib/x86_64-linux-gnu/libm-2.19.so
7fb5bd0ef000-7fb5bd1d5000 r-xp 00000000 08:05 2103645                    /usr/lib/x86_64-linux-gnu/libstdc++.so.6.0.19
7fb5bd1d5000-7fb5bd3d4000 ---p 000e6000 08:05 2103645                    /usr/lib/x86_64-linux-gnu/libstdc++.so.6.0.19
7fb5bd3d4000-7fb5bd3dc000 r--p 000e5000 08:05 2103645                    /usr/lib/x86_64-linux-gnu/libstdc++.so.6.0.19
7fb5bd3dc000-7fb5bd3de000 rw-p 000ed000 08:05 2103645                    /usr/lib/x86_64-linux-gnu/libstdc++.so.6.0.19
7fb5bd3de000-7fb5bd3f3000 rw-p 00000000 00:00 0 
7fb5bd3f3000-7fb5bdf18000 r-xp 00000000 08:05 2234584                    /usr/lib/jvm/java-7-openjdk-amd64/jre/lib/amd64/server/libjvm.so
7fb5bdf18000-7fb5be118000 ---p 00b25000 08:05 2234584                    /usr/lib/jvm/java-7-openjdk-amd64/jre/lib/amd64/server/libjvm.so
7fb5be118000-7fb5be1b2000 r--p 00b25000 08:05 2234584                    /usr/lib/jvm/java-7-openjdk-amd64/jre/lib/amd64/server/libjvm.so
7fb5be1b2000-7fb5be1d5000 rw-p 00bbf000 08:05 2234584                    /usr/lib/jvm/java-7-openjdk-amd64/jre/lib/amd64/server/libjvm.so
7fb5be1d5000-7fb5be203000 rw-p 00000000 00:00 0 
7fb5be203000-7fb5be21b000 r-xp 00000000 08:05 791138                     /lib/x86_64-linux-gnu/libz.so.1.2.8
7fb5be21b000-7fb5be41a000 ---p 00018000 08:05 791138                     /lib/x86_64-linux-gnu/libz.so.1.2.8
7fb5be41a000-7fb5be41b000 r--p 00017000 08:05 791138                     /lib/x86_64-linux-gnu/libz.so.1.2.8
7fb5be41b000-7fb5be41c000 rw-p 00018000 08:05 791138                     /lib/x86_64-linux-gnu/libz.so.1.2.8
7fb5be41c000-7fb5be435000 r-xp 00000000 08:05 794181                     /lib/x86_64-linux-gnu/libpthread-2.19.so
7fb5be435000-7fb5be634000 ---p 00019000 08:05 794181                     /lib/x86_64-linux-gnu/libpthread-2.19.so
7fb5be634000-7fb5be635000 r--p 00018000 08:05 794181                     /lib/x86_64-linux-gnu/libpthread-2.19.so
7fb5be635000-7fb5be636000 rw-p 00019000 08:05 794181                     /lib/x86_64-linux-gnu/libpthread-2.19.so
7fb5be636000-7fb5be63a000 rw-p 00000000 00:00 0 
7fb5be63a000-7fb5be63d000 r-xp 00000000 08:05 794145                     /lib/x86_64-linux-gnu/libdl-2.19.so
7fb5be63d000-7fb5be83c000 ---p 00003000 08:05 794145                     /lib/x86_64-linux-gnu/libdl-2.19.so
7fb5be83c000-7fb5be83d000 r--p 00002000 08:05 794145                     /lib/x86_64-linux-gnu/libdl-2.19.so
7fb5be83d000-7fb5be83e000 rw-p 00003000 08:05 794145                     /lib/x86_64-linux-gnu/libdl-2.19.so
7fb5be83e000-7fb5be9f9000 r-xp 00000000 08:05 794189                     /lib/x86_64-linux-gnu/libc-2.19.so
7fb5be9f9000-7fb5bebf8000 ---p 001bb000 08:05 794189                     /lib/x86_64-linux-gnu/libc-2.19.so
7fb5bebf8000-7fb5bebfc000 r--p 001ba000 08:05 794189                     /lib/x86_64-linux-gnu/libc-2.19.so
7fb5bebfc000-7fb5bebfe000 rw-p 001be000 08:05 794189                     /lib/x86_64-linux-gnu/libc-2.19.so
7fb5bebfe000-7fb5bec03000 rw-p 00000000 00:00 0 
7fb5bec03000-7fb5bec10000 r-xp 00000000 08:05 2234582                    /usr/lib/jvm/java-7-openjdk-amd64/jre/lib/amd64/jli/libjli.so
7fb5bec10000-7fb5bee0f000 ---p 0000d000 08:05 2234582                    /usr/lib/jvm/java-7-openjdk-amd64/jre/lib/amd64/jli/libjli.so
7fb5bee0f000-7fb5bee10000 r--p 0000c000 08:05 2234582                    /usr/lib/jvm/java-7-openjdk-amd64/jre/lib/amd64/jli/libjli.so
7fb5bee10000-7fb5bee11000 rw-p 0000d000 08:05 2234582                    /usr/lib/jvm/java-7-openjdk-amd64/jre/lib/amd64/jli/libjli.so
7fb5bee11000-7fb5bee34000 r-xp 00000000 08:05 794182                     /lib/x86_64-linux-gnu/ld-2.19.so
7fb5bee34000-7fb5bee36000 r--s 00003000 08:05 1704232                    /usr/local/hadoop-2.6.4/share/hadoop/common/lib/api-asn1-api-1.0.0-M20.jar
7fb5bee36000-7fb5bee3a000 r--s 00085000 08:05 2234589                    /usr/lib/jvm/java-7-openjdk-amd64/jre/lib/ext/localedata.jar
7fb5bee3a000-7fb5bee3c000 r--s 00012000 08:05 2234591                    /usr/lib/jvm/java-7-openjdk-amd64/jre/lib/ext/zipfs.jar
7fb5bee3c000-7fb5bee60000 rw-p 00000000 00:00 0 
7fb5bee60000-7fb5bef13000 rw-p 00000000 00:00 0 
7fb5bef13000-7fb5bef16000 ---p 00000000 00:00 0 
7fb5bef16000-7fb5bf019000 rw-p 00000000 00:00 0                          [stack:8945]
7fb5bf019000-7fb5bf01d000 r--s 0003c000 08:05 2234592                    /usr/lib/jvm/java-7-openjdk-amd64/jre/lib/ext/sunpkcs11.jar
7fb5bf01d000-7fb5bf01f000 r--s 00006000 08:05 9071                       /usr/share/java/java-atk-wrapper.jar
7fb5bf01f000-7fb5bf023000 r--s 00034000 08:05 2234590                    /usr/lib/jvm/java-7-openjdk-amd64/jre/lib/ext/sunjce_provider.jar
7fb5bf023000-7fb5bf026000 r--s 0000f000 08:05 2234594                    /usr/lib/jvm/java-7-openjdk-amd64/jre/lib/ext/icedtea-sound.jar
7fb5bf026000-7fb5bf027000 r--s 00002000 08:05 2234593                    /usr/lib/jvm/java-7-openjdk-amd64/jre/lib/ext/dnsns.jar
7fb5bf027000-7fb5bf02f000 rw-s 00000000 08:05 563111                     /tmp/hsperfdata_zoliqa/8922
7fb5bf02f000-7fb5bf030000 rw-p 00000000 00:00 0 
7fb5bf030000-7fb5bf031000 r--p 00000000 00:00 0 
7fb5bf031000-7fb5bf033000 rw-p 00000000 00:00 0 
7fb5bf033000-7fb5bf034000 r--p 00022000 08:05 794182                     /lib/x86_64-linux-gnu/ld-2.19.so
7fb5bf034000-7fb5bf035000 rw-p 00023000 08:05 794182                     /lib/x86_64-linux-gnu/ld-2.19.so
7fb5bf035000-7fb5bf036000 rw-p 00000000 00:00 0 
7ffda2c30000-7ffda2c54000 rw-p 00000000 00:00 0                          [stack]
7ffda2d3e000-7ffda2d40000 r--p 00000000 00:00 0                          [vvar]
7ffda2d40000-7ffda2d42000 r-xp 00000000 00:00 0                          [vdso]
ffffffffff600000-ffffffffff601000 r-xp 00000000 00:00 0                  [vsyscall]

VM Arguments:
jvm_args: -Xmx1000m -Djava.net.preferIPv4Stack=true -Dhadoop.log.dir=/usr/local/hadoop-2.6.4/logs -Dhadoop.log.file=hadoop.log -Dhadoop.home.dir=/usr/local/hadoop-2.6.4 -Dhadoop.id.str=zoliqa -Dhadoop.root.logger=INFO,console -Djava.library.path=/usr/local/hadoop-2.6.4/lib/native -Dhadoop.policy.file=hadoop-policy.xml -Djava.net.preferIPv4Stack=true -Xmx512m -Xmx1000m -Dpig.log.dir=/home/zoliqa/Downloads/pig/pig-0.15.0/bin/../logs -Dpig.log.file=pig.log -Dpig.home.dir=/home/zoliqa/Downloads/pig/pig-0.15.0/bin/.. -Dhadoop.security.logger=INFO,NullAppender 
java_command: org.apache.hadoop.util.RunJar /home/zoliqa/Downloads/pig/pig-0.15.0/bin/../pig-0.15.0-core-h2.jar -x local /home/zoliqa/Documents/drugsdb/app/data.import/pig.queries/join_substances_drugs.pig
Launcher Type: SUN_STANDARD

Environment Variables:
JAVA_HOME=/usr/lib/jvm/java-7-openjdk-amd64
PATH=/usr/local/sbin:/usr/local/bin:/usr/sbin:/usr/bin:/sbin:/bin:/usr/games:/usr/local/games:~/Downloads/pig/pig-0.15.0/bin
LD_LIBRARY_PATH=:/usr/local/hadoop-2.6.4/lib/native
SHELL=/bin/bash
DISPLAY=:0

Signal Handlers:
SIGSEGV: [libjvm.so+0x955bc0], sa_mask[0]=0x7ffbfeff, sa_flags=0x10000004
SIGBUS: [libjvm.so+0x955bc0], sa_mask[0]=0x7ffbfeff, sa_flags=0x10000004
SIGFPE: [libjvm.so+0x7caff0], sa_mask[0]=0x7ffbfeff, sa_flags=0x10000004
SIGPIPE: [libjvm.so+0x7caff0], sa_mask[0]=0x7ffbfeff, sa_flags=0x10000004
SIGXFSZ: [libjvm.so+0x7caff0], sa_mask[0]=0x7ffbfeff, sa_flags=0x10000004
SIGILL: [libjvm.so+0x7caff0], sa_mask[0]=0x7ffbfeff, sa_flags=0x10000004
SIGUSR1: SIG_DFL, sa_mask[0]=0x00000000, sa_flags=0x00000000
SIGUSR2: [libjvm.so+0x7cae90], sa_mask[0]=0x00000000, sa_flags=0x10000004
SIGHUP: [libjvm.so+0x7cb070], sa_mask[0]=0x7ffbfeff, sa_flags=0x10000004
SIGINT: [libjvm.so+0x7cb070], sa_mask[0]=0x7ffbfeff, sa_flags=0x10000004
SIGTERM: [libjvm.so+0x7cb070], sa_mask[0]=0x7ffbfeff, sa_flags=0x10000004
SIGQUIT: [libjvm.so+0x7cb070], sa_mask[0]=0x7ffbfeff, sa_flags=0x10000004
SIGTRAP: SIG_DFL, sa_mask[0]=0x00000000, sa_flags=0x00000000


---------------  S Y S T E M  ---------------

OS:Ubuntu 14.04 (trusty)
uname:Linux 3.19.0-56-generic #62~14.04.1-Ubuntu SMP Fri Mar 11 11:03:15 UTC 2016 x86_64
libc:glibc 2.19 NPTL 2.19 
rlimit: STACK 8192k, CORE 0k, NPROC 31699, NOFILE 4096, AS infinity
load average:0,25 0,37 0,33

/proc/meminfo:
MemTotal:        8136652 kB
MemFree:          806692 kB
MemAvailable:    2501940 kB
Buffers:           91724 kB
Cached:          1965868 kB
SwapCached:            0 kB
Active:          4796472 kB
Inactive:        2132328 kB
Active(anon):    4094292 kB
Inactive(anon):  1016184 kB
Active(file):     702180 kB
Inactive(file):  1116144 kB
Unevictable:          32 kB
Mlocked:              32 kB
SwapTotal:      19530748 kB
SwapFree:       19530636 kB
Dirty:               160 kB
Writeback:             0 kB
AnonPages:       4849464 kB
Mapped:           631360 kB
Shmem:            239272 kB
Slab:             134976 kB
SReclaimable:      91716 kB
SUnreclaim:        43260 kB
KernelStack:       19904 kB
PageTables:        62508 kB
NFS_Unstable:          0 kB
Bounce:                0 kB
WritebackTmp:          0 kB
CommitLimit:    23599072 kB
Committed_AS:   13215720 kB
VmallocTotal:   34359738367 kB
VmallocUsed:      109940 kB
VmallocChunk:   34359626112 kB
HardwareCorrupted:     0 kB
AnonHugePages:   2521088 kB
CmaTotal:              0 kB
CmaFree:               0 kB
HugePages_Total:       0
HugePages_Free:        0
HugePages_Rsvd:        0
HugePages_Surp:        0
Hugepagesize:       2048 kB
DirectMap4k:      335440 kB
DirectMap2M:     8013824 kB


CPU:total 4 (4 cores per cpu, 1 threads per core) family 6 model 58 stepping 9, cmov, cx8, fxsr, mmx, sse, sse2, sse3, ssse3, sse4.1, sse4.2, popcnt, avx, aes, erms, tsc, tscinvbit, tscinv

/proc/cpuinfo:
processor	: 0
vendor_id	: GenuineIntel
cpu family	: 6
model		: 58
model name	: Intel(R) Core(TM) i5-3570 CPU @ 3.40GHz
stepping	: 9
microcode	: 0x12
cpu MHz		: 1846.625
cache size	: 6144 KB
physical id	: 0
siblings	: 4
core id		: 0
cpu cores	: 4
apicid		: 0
initial apicid	: 0
fpu		: yes
fpu_exception	: yes
cpuid level	: 13
wp		: yes
flags		: fpu vme de pse tsc msr pae mce cx8 apic sep mtrr pge mca cmov pat pse36 clflush dts acpi mmx fxsr sse sse2 ss ht tm pbe syscall nx rdtscp lm constant_tsc arch_perfmon pebs bts rep_good nopl xtopology nonstop_tsc aperfmperf eagerfpu pni pclmulqdq dtes64 monitor ds_cpl vmx smx est tm2 ssse3 cx16 xtpr pdcm pcid sse4_1 sse4_2 x2apic popcnt tsc_deadline_timer aes xsave avx f16c rdrand lahf_lm ida arat epb pln pts dtherm tpr_shadow vnmi flexpriority ept vpid fsgsbase smep erms xsaveopt
bugs		:
bogomips	: 6784.16
clflush size	: 64
cache_alignment	: 64
address sizes	: 36 bits physical, 48 bits virtual
power management:

processor	: 1
vendor_id	: GenuineIntel
cpu family	: 6
model		: 58
model name	: Intel(R) Core(TM) i5-3570 CPU @ 3.40GHz
stepping	: 9
microcode	: 0x12
cpu MHz		: 1900.414
cache size	: 6144 KB
physical id	: 0
siblings	: 4
core id		: 1
cpu cores	: 4
apicid		: 2
initial apicid	: 2
fpu		: yes
fpu_exception	: yes
cpuid level	: 13
wp		: yes
flags		: fpu vme de pse tsc msr pae mce cx8 apic sep mtrr pge mca cmov pat pse36 clflush dts acpi mmx fxsr sse sse2 ss ht tm pbe syscall nx rdtscp lm constant_tsc arch_perfmon pebs bts rep_good nopl xtopology nonstop_tsc aperfmperf eagerfpu pni pclmulqdq dtes64 monitor ds_cpl vmx smx est tm2 ssse3 cx16 xtpr pdcm pcid sse4_1 sse4_2 x2apic popcnt tsc_deadline_timer aes xsave avx f16c rdrand lahf_lm ida arat epb pln pts dtherm tpr_shadow vnmi flexpriority ept vpid fsgsbase smep erms xsaveopt
bugs		:
bogomips	: 6784.16
clflush size	: 64
cache_alignment	: 64
address sizes	: 36 bits physical, 48 bits virtual
power management:

processor	: 2
vendor_id	: GenuineIntel
cpu family	: 6
model		: 58
model name	: Intel(R) Core(TM) i5-3570 CPU @ 3.40GHz
stepping	: 9
microcode	: 0x12
cpu MHz		: 1900.546
cache size	: 6144 KB
physical id	: 0
siblings	: 4
core id		: 2
cpu cores	: 4
apicid		: 4
initial apicid	: 4
fpu		: yes
fpu_exception	: yes
cpuid level	: 13
wp		: yes
flags		: fpu vme de pse tsc msr pae mce cx8 apic sep mtrr pge mca cmov pat pse36 clflush dts acpi mmx fxsr sse sse2 ss ht tm pbe syscall nx rdtscp lm constant_tsc arch_perfmon pebs bts rep_good nopl xtopology nonstop_tsc aperfmperf eagerfpu pni pclmulqdq dtes64 monitor ds_cpl vmx smx est tm2 ssse3 cx16 xtpr pdcm pcid sse4_1 sse4_2 x2apic popcnt tsc_deadline_timer aes xsave avx f16c rdrand lahf_lm ida arat epb pln pts dtherm tpr_shadow vnmi flexpriority ept vpid fsgsbase smep erms xsaveopt
bugs		:
bogomips	: 6784.16
clflush size	: 64
cache_alignment	: 64
address sizes	: 36 bits physical, 48 bits virtual
power management:

processor	: 3
vendor_id	: GenuineIntel
cpu family	: 6
model		: 58
model name	: Intel(R) Core(TM) i5-3570 CPU @ 3.40GHz
stepping	: 9
microcode	: 0x12
cpu MHz		: 1900.812
cache size	: 6144 KB
physical id	: 0
siblings	: 4
core id		: 3
cpu cores	: 4
apicid		: 6
initial apicid	: 6
fpu		: yes
fpu_exception	: yes
cpuid level	: 13
wp		: yes
flags		: fpu vme de pse tsc msr pae mce cx8 apic sep mtrr pge mca cmov pat pse36 clflush dts acpi mmx fxsr sse sse2 ss ht tm pbe syscall nx rdtscp lm constant_tsc arch_perfmon pebs bts rep_good nopl xtopology nonstop_tsc aperfmperf eagerfpu pni pclmulqdq dtes64 monitor ds_cpl vmx smx est tm2 ssse3 cx16 xtpr pdcm pcid sse4_1 sse4_2 x2apic popcnt tsc_deadline_timer aes xsave avx f16c rdrand lahf_lm ida arat epb pln pts dtherm tpr_shadow vnmi flexpriority ept vpid fsgsbase smep erms xsaveopt
bugs		:
bogomips	: 6784.16
clflush size	: 64
cache_alignment	: 64
address sizes	: 36 bits physical, 48 bits virtual
power management:



Memory: 4k page, physical 8136652k(813016k free), swap 19530748k(19530636k free)

vm_info: OpenJDK 64-Bit Server VM (24.95-b01) for linux-amd64 JRE (1.7.0_95-b00), built on Jan 21 2016 03:31:40 by "buildd" with gcc 4.8.4

time: Sun Mar 20 20:28:48 2016
elapsed time: 538 seconds

