[INFO  - 2016-06-12T21:13:53.263Z] GhostDriver - Main - running on port 9999
[INFO  - 2016-06-12T21:13:53.324Z] Session [90e77990-30e2-11e6-9512-a57a3ecea907] - page.settings - {"XSSAuditingEnabled":false,"javascriptCanCloseWindows":true,"javascriptCanOpenWindows":true,"javascriptEnabled":true,"loadImages":true,"localToRemoteUrlAccessEnabled":false,"userAgent":"Mozilla/5.0 (Unknown; Linux x86_64) AppleWebKit/538.1 (KHTML, like Gecko) PhantomJS/2.1.1 Safari/538.1","webSecurityEnabled":true}
[INFO  - 2016-06-12T21:13:53.324Z] Session [90e77990-30e2-11e6-9512-a57a3ecea907] - page.customHeaders:  - {}
[INFO  - 2016-06-12T21:13:53.324Z] Session [90e77990-30e2-11e6-9512-a57a3ecea907] - Session.negotiatedCapabilities - {"browserName":"phantomjs","version":"2.1.1","driverName":"ghostdriver","driverVersion":"1.2.0","platform":"linux-unknown-64bit","javascriptEnabled":true,"takesScreenshot":true,"handlesAlerts":false,"databaseEnabled":false,"locationContextEnabled":false,"applicationCacheEnabled":false,"browserConnectionEnabled":false,"cssSelectorsEnabled":true,"webStorageEnabled":false,"rotatable":false,"acceptSslCerts":false,"nativeEvents":true,"proxy":{"proxyType":"direct"}}
[INFO  - 2016-06-12T21:13:53.324Z] SessionManagerReqHand - _postNewSessionCommand - New Session Created: 90e77990-30e2-11e6-9512-a57a3ecea907
[INFO  - 2016-06-12T21:13:58.353Z] ShutdownReqHand - _handle - About to shutdown
[INFO  - 2016-06-12T21:13:58.504Z] GhostDriver - Main - running on port 29142
[INFO  - 2016-06-12T21:13:58.577Z] Session [9408ddd0-30e2-11e6-9c9d-8bb6f8856c5c] - page.settings - {"XSSAuditingEnabled":false,"javascriptCanCloseWindows":true,"javascriptCanOpenWindows":true,"javascriptEnabled":true,"loadImages":true,"localToRemoteUrlAccessEnabled":false,"userAgent":"Mozilla/5.0 (Unknown; Linux x86_64) AppleWebKit/538.1 (KHTML, like Gecko) PhantomJS/2.1.1 Safari/538.1","webSecurityEnabled":true}
[INFO  - 2016-06-12T21:13:58.578Z] Session [9408ddd0-30e2-11e6-9c9d-8bb6f8856c5c] - page.customHeaders:  - {}
[INFO  - 2016-06-12T21:13:58.578Z] Session [9408ddd0-30e2-11e6-9c9d-8bb6f8856c5c] - Session.negotiatedCapabilities - {"browserName":"phantomjs","version":"2.1.1","driverName":"ghostdriver","driverVersion":"1.2.0","platform":"linux-unknown-64bit","javascriptEnabled":true,"takesScreenshot":true,"handlesAlerts":false,"databaseEnabled":false,"locationContextEnabled":false,"applicationCacheEnabled":false,"browserConnectionEnabled":false,"cssSelectorsEnabled":true,"webStorageEnabled":false,"rotatable":false,"acceptSslCerts":false,"nativeEvents":true,"proxy":{"proxyType":"direct"}}
[INFO  - 2016-06-12T21:13:58.578Z] SessionManagerReqHand - _postNewSessionCommand - New Session Created: 9408ddd0-30e2-11e6-9c9d-8bb6f8856c5c
[INFO  - 2016-06-12T21:14:02.700Z] ShutdownReqHand - _handle - About to shutdown
[INFO  - 2016-06-12T21:15:30.689Z] GhostDriver - Main - running on port 17595
[INFO  - 2016-06-12T21:15:30.748Z] Session [caf959a0-30e2-11e6-baed-138fc8c9b8f5] - page.settings - {"XSSAuditingEnabled":false,"javascriptCanCloseWindows":true,"javascriptCanOpenWindows":true,"javascriptEnabled":true,"loadImages":true,"localToRemoteUrlAccessEnabled":false,"userAgent":"Mozilla/5.0 (Unknown; Linux x86_64) AppleWebKit/538.1 (KHTML, like Gecko) PhantomJS/2.1.1 Safari/538.1","webSecurityEnabled":true}
[INFO  - 2016-06-12T21:15:30.748Z] Session [caf959a0-30e2-11e6-baed-138fc8c9b8f5] - page.customHeaders:  - {}
[INFO  - 2016-06-12T21:15:30.749Z] Session [caf959a0-30e2-11e6-baed-138fc8c9b8f5] - Session.negotiatedCapabilities - {"browserName":"phantomjs","version":"2.1.1","driverName":"ghostdriver","driverVersion":"1.2.0","platform":"linux-unknown-64bit","javascriptEnabled":true,"takesScreenshot":true,"handlesAlerts":false,"databaseEnabled":false,"locationContextEnabled":false,"applicationCacheEnabled":false,"browserConnectionEnabled":false,"cssSelectorsEnabled":true,"webStorageEnabled":false,"rotatable":false,"acceptSslCerts":false,"nativeEvents":true,"proxy":{"proxyType":"direct"}}
[INFO  - 2016-06-12T21:15:30.749Z] SessionManagerReqHand - _postNewSessionCommand - New Session Created: caf959a0-30e2-11e6-baed-138fc8c9b8f5
[INFO  - 2016-06-12T21:15:36.606Z] ShutdownReqHand - _handle - About to shutdown
[INFO  - 2016-06-12T21:15:36.759Z] GhostDriver - Main - running on port 6812
[INFO  - 2016-06-12T21:15:36.832Z] Session [ce9915a0-30e2-11e6-9bb9-61a96bbfd29d] - page.settings - {"XSSAuditingEnabled":false,"javascriptCanCloseWindows":true,"javascriptCanOpenWindows":true,"javascriptEnabled":true,"loadImages":true,"localToRemoteUrlAccessEnabled":false,"userAgent":"Mozilla/5.0 (Unknown; Linux x86_64) AppleWebKit/538.1 (KHTML, like Gecko) PhantomJS/2.1.1 Safari/538.1","webSecurityEnabled":true}
[INFO  - 2016-06-12T21:15:36.832Z] Session [ce9915a0-30e2-11e6-9bb9-61a96bbfd29d] - page.customHeaders:  - {}
[INFO  - 2016-06-12T21:15:36.833Z] Session [ce9915a0-30e2-11e6-9bb9-61a96bbfd29d] - Session.negotiatedCapabilities - {"browserName":"phantomjs","version":"2.1.1","driverName":"ghostdriver","driverVersion":"1.2.0","platform":"linux-unknown-64bit","javascriptEnabled":true,"takesScreenshot":true,"handlesAlerts":false,"databaseEnabled":false,"locationContextEnabled":false,"applicationCacheEnabled":false,"browserConnectionEnabled":false,"cssSelectorsEnabled":true,"webStorageEnabled":false,"rotatable":false,"acceptSslCerts":false,"nativeEvents":true,"proxy":{"proxyType":"direct"}}
[INFO  - 2016-06-12T21:15:36.833Z] SessionManagerReqHand - _postNewSessionCommand - New Session Created: ce9915a0-30e2-11e6-9bb9-61a96bbfd29d
[INFO  - 2016-06-12T21:15:40.480Z] ShutdownReqHand - _handle - About to shutdown
[INFO  - 2016-06-12T21:16:06.698Z] GhostDriver - Main - running on port 18500
[INFO  - 2016-06-12T21:16:06.757Z] Session [e06fe330-30e2-11e6-be2f-ed35b9900a8e] - page.settings - {"XSSAuditingEnabled":false,"javascriptCanCloseWindows":true,"javascriptCanOpenWindows":true,"javascriptEnabled":true,"loadImages":true,"localToRemoteUrlAccessEnabled":false,"userAgent":"Mozilla/5.0 (Unknown; Linux x86_64) AppleWebKit/538.1 (KHTML, like Gecko) PhantomJS/2.1.1 Safari/538.1","webSecurityEnabled":true}
[INFO  - 2016-06-12T21:16:06.757Z] Session [e06fe330-30e2-11e6-be2f-ed35b9900a8e] - page.customHeaders:  - {}
[INFO  - 2016-06-12T21:16:06.758Z] Session [e06fe330-30e2-11e6-be2f-ed35b9900a8e] - Session.negotiatedCapabilities - {"browserName":"phantomjs","version":"2.1.1","driverName":"ghostdriver","driverVersion":"1.2.0","platform":"linux-unknown-64bit","javascriptEnabled":true,"takesScreenshot":true,"handlesAlerts":false,"databaseEnabled":false,"locationContextEnabled":false,"applicationCacheEnabled":false,"browserConnectionEnabled":false,"cssSelectorsEnabled":true,"webStorageEnabled":false,"rotatable":false,"acceptSslCerts":false,"nativeEvents":true,"proxy":{"proxyType":"direct"}}
[INFO  - 2016-06-12T21:16:06.758Z] SessionManagerReqHand - _postNewSessionCommand - New Session Created: e06fe330-30e2-11e6-be2f-ed35b9900a8e
[INFO  - 2016-06-12T21:16:15.570Z] ShutdownReqHand - _handle - About to shutdown
[INFO  - 2016-06-12T21:16:15.725Z] GhostDriver - Main - running on port 30364
[INFO  - 2016-06-12T21:16:15.793Z] Session [e5d236c0-30e2-11e6-89a3-7d51a44e3fef] - page.settings - {"XSSAuditingEnabled":false,"javascriptCanCloseWindows":true,"javascriptCanOpenWindows":true,"javascriptEnabled":true,"loadImages":true,"localToRemoteUrlAccessEnabled":false,"userAgent":"Mozilla/5.0 (Unknown; Linux x86_64) AppleWebKit/538.1 (KHTML, like Gecko) PhantomJS/2.1.1 Safari/538.1","webSecurityEnabled":true}
[INFO  - 2016-06-12T21:16:15.793Z] Session [e5d236c0-30e2-11e6-89a3-7d51a44e3fef] - page.customHeaders:  - {}
[INFO  - 2016-06-12T21:16:15.793Z] Session [e5d236c0-30e2-11e6-89a3-7d51a44e3fef] - Session.negotiatedCapabilities - {"browserName":"phantomjs","version":"2.1.1","driverName":"ghostdriver","driverVersion":"1.2.0","platform":"linux-unknown-64bit","javascriptEnabled":true,"takesScreenshot":true,"handlesAlerts":false,"databaseEnabled":false,"locationContextEnabled":false,"applicationCacheEnabled":false,"browserConnectionEnabled":false,"cssSelectorsEnabled":true,"webStorageEnabled":false,"rotatable":false,"acceptSslCerts":false,"nativeEvents":true,"proxy":{"proxyType":"direct"}}
[INFO  - 2016-06-12T21:16:15.794Z] SessionManagerReqHand - _postNewSessionCommand - New Session Created: e5d236c0-30e2-11e6-89a3-7d51a44e3fef
[INFO  - 2016-06-12T21:16:19.448Z] ShutdownReqHand - _handle - About to shutdown
[INFO  - 2016-06-12T21:17:21.985Z] GhostDriver - Main - running on port 12258
[INFO  - 2016-06-12T21:17:22.118Z] Session [0d5b1040-30e3-11e6-8de8-774a5cdc3252] - page.settings - {"XSSAuditingEnabled":false,"javascriptCanCloseWindows":true,"javascriptCanOpenWindows":true,"javascriptEnabled":true,"loadImages":true,"localToRemoteUrlAccessEnabled":false,"userAgent":"Mozilla/5.0 (Unknown; Linux x86_64) AppleWebKit/538.1 (KHTML, like Gecko) PhantomJS/2.1.1 Safari/538.1","webSecurityEnabled":true}
[INFO  - 2016-06-12T21:17:22.118Z] Session [0d5b1040-30e3-11e6-8de8-774a5cdc3252] - page.customHeaders:  - {}
[INFO  - 2016-06-12T21:17:22.119Z] Session [0d5b1040-30e3-11e6-8de8-774a5cdc3252] - Session.negotiatedCapabilities - {"browserName":"phantomjs","version":"2.1.1","driverName":"ghostdriver","driverVersion":"1.2.0","platform":"linux-unknown-64bit","javascriptEnabled":true,"takesScreenshot":true,"handlesAlerts":false,"databaseEnabled":false,"locationContextEnabled":false,"applicationCacheEnabled":false,"browserConnectionEnabled":false,"cssSelectorsEnabled":true,"webStorageEnabled":false,"rotatable":false,"acceptSslCerts":false,"nativeEvents":true,"proxy":{"proxyType":"direct"}}
[INFO  - 2016-06-12T21:17:22.119Z] SessionManagerReqHand - _postNewSessionCommand - New Session Created: 0d5b1040-30e3-11e6-8de8-774a5cdc3252
[INFO  - 2016-06-12T21:17:31.001Z] ShutdownReqHand - _handle - About to shutdown
[INFO  - 2016-06-12T21:17:31.214Z] GhostDriver - Main - running on port 8701
[INFO  - 2016-06-12T21:17:31.280Z] Session [12d076a0-30e3-11e6-a744-532560a53e55] - page.settings - {"XSSAuditingEnabled":false,"javascriptCanCloseWindows":true,"javascriptCanOpenWindows":true,"javascriptEnabled":true,"loadImages":true,"localToRemoteUrlAccessEnabled":false,"userAgent":"Mozilla/5.0 (Unknown; Linux x86_64) AppleWebKit/538.1 (KHTML, like Gecko) PhantomJS/2.1.1 Safari/538.1","webSecurityEnabled":true}
[INFO  - 2016-06-12T21:17:31.280Z] Session [12d076a0-30e3-11e6-a744-532560a53e55] - page.customHeaders:  - {}
[INFO  - 2016-06-12T21:17:31.280Z] Session [12d076a0-30e3-11e6-a744-532560a53e55] - Session.negotiatedCapabilities - {"browserName":"phantomjs","version":"2.1.1","driverName":"ghostdriver","driverVersion":"1.2.0","platform":"linux-unknown-64bit","javascriptEnabled":true,"takesScreenshot":true,"handlesAlerts":false,"databaseEnabled":false,"locationContextEnabled":false,"applicationCacheEnabled":false,"browserConnectionEnabled":false,"cssSelectorsEnabled":true,"webStorageEnabled":false,"rotatable":false,"acceptSslCerts":false,"nativeEvents":true,"proxy":{"proxyType":"direct"}}
[INFO  - 2016-06-12T21:17:31.280Z] SessionManagerReqHand - _postNewSessionCommand - New Session Created: 12d076a0-30e3-11e6-a744-532560a53e55
[INFO  - 2016-06-12T21:17:35.420Z] ShutdownReqHand - _handle - About to shutdown
