19:32:49.501 INFO - Launching a standalone Selenium Server
Setting system property webdriver.chrome.driver to test.config/integration/bin/chromedriver
19:32:49.537 INFO - Java: Oracle Corporation 24.95-b01
19:32:49.537 INFO - OS: Linux 3.19.0-61-generic amd64
19:32:49.548 INFO - v2.53.0, with Core v2.53.0. Built from revision 35ae25b
19:32:49.611 INFO - Driver provider org.openqa.selenium.ie.InternetExplorerDriver registration is skipped:
registration capabilities Capabilities [{platform=WINDOWS, ensureCleanSession=true, browserName=internet explorer, version=}] does not match the current platform LINUX
19:32:49.611 INFO - Driver provider org.openqa.selenium.edge.EdgeDriver registration is skipped:
registration capabilities Capabilities [{platform=WINDOWS, browserName=MicrosoftEdge, version=}] does not match the current platform LINUX
19:32:49.611 INFO - Driver class not found: com.opera.core.systems.OperaDriver
19:32:49.611 INFO - Driver provider com.opera.core.systems.OperaDriver is not registered
19:32:49.612 INFO - Driver provider org.openqa.selenium.safari.SafariDriver registration is skipped:
registration capabilities Capabilities [{platform=MAC, browserName=safari, version=}] does not match the current platform LINUX
19:32:49.613 INFO - Driver class not found: org.openqa.selenium.htmlunit.HtmlUnitDriver
19:32:49.613 INFO - Driver provider org.openqa.selenium.htmlunit.HtmlUnitDriver is not registered
19:32:49.654 INFO - RemoteWebDriver instances should connect to: http://127.0.0.1:4444/wd/hub
19:32:49.654 INFO - Selenium Server is up and running
19:32:49.864 INFO - Executing: [new session: Capabilities [{platform=ANY, acceptSslCerts=true, javascriptEnabled=true, browserName=chrome, name=Login Tests}]])
19:32:49.873 INFO - Creating a new session for Capabilities [{platform=ANY, acceptSslCerts=true, javascriptEnabled=true, browserName=chrome, name=Login Tests}]
Starting ChromeDriver (v2.9.248304) on port 10869
[0,055][WARNING]: PAC support disabled because there is no system implementation
19:32:50.655 INFO - Done: [new session: Capabilities [{platform=ANY, acceptSslCerts=true, javascriptEnabled=true, browserName=chrome, name=Login Tests}]]
19:32:50.667 INFO - Executing: [get: http://localhost:4000])
19:32:51.627 INFO - Done: [get: http://localhost:4000]
19:32:51.635 INFO - Executing: [find elements: By.cssSelector: #login])
19:32:51.659 INFO - Done: [find elements: By.cssSelector: #login]
19:32:52.164 INFO - Executing: [find elements: By.cssSelector: #login])
19:32:52.197 INFO - Done: [find elements: By.cssSelector: #login]
19:32:52.702 INFO - Executing: [find elements: By.cssSelector: #login])
19:32:52.742 INFO - Done: [find elements: By.cssSelector: #login]
19:32:52.747 INFO - Executing: [is displayed: 0 [[ChromeDriver: chrome on LINUX (a4a410364035f3121aa00e6aa7691ced)] -> css selector: #login]])
19:32:52.773 INFO - Done: [is displayed: 0 [[ChromeDriver: chrome on LINUX (a4a410364035f3121aa00e6aa7691ced)] -> css selector: #login]]
19:32:52.781 INFO - Executing: [find element: By.cssSelector: #login input.form-control[type='text']])
19:32:52.802 INFO - Done: [find element: By.cssSelector: #login input.form-control[type='text']]
19:32:52.806 INFO - Executing: [clear: 1 [[ChromeDriver: chrome on LINUX (a4a410364035f3121aa00e6aa7691ced)] -> css selector: #login input.form-control[type='text']]])
19:32:52.838 INFO - Done: [clear: 1 [[ChromeDriver: chrome on LINUX (a4a410364035f3121aa00e6aa7691ced)] -> css selector: #login input.form-control[type='text']]]
19:32:52.842 INFO - Executing: [find element: By.cssSelector: #login input.form-control[type='text']])
19:32:52.861 INFO - Done: [find element: By.cssSelector: #login input.form-control[type='text']]
19:32:52.866 INFO - Executing: [send keys: 1 [[ChromeDriver: chrome on LINUX (a4a410364035f3121aa00e6aa7691ced)] -> css selector: #login input.form-control[type='text']], [a]])
19:32:52.916 INFO - Done: [send keys: 1 [[ChromeDriver: chrome on LINUX (a4a410364035f3121aa00e6aa7691ced)] -> css selector: #login input.form-control[type='text']], [a]]
19:32:52.919 INFO - Executing: [find element: By.cssSelector: #login input.form-control[type='password']])
19:32:52.934 INFO - Done: [find element: By.cssSelector: #login input.form-control[type='password']]
19:32:52.937 INFO - Executing: [clear: 2 [[ChromeDriver: chrome on LINUX (a4a410364035f3121aa00e6aa7691ced)] -> css selector: #login input.form-control[type='password']]])
19:32:52.959 INFO - Done: [clear: 2 [[ChromeDriver: chrome on LINUX (a4a410364035f3121aa00e6aa7691ced)] -> css selector: #login input.form-control[type='password']]]
19:32:52.962 INFO - Executing: [find element: By.cssSelector: #login input.form-control[type='password']])
19:32:52.978 INFO - Done: [find element: By.cssSelector: #login input.form-control[type='password']]
19:32:52.981 INFO - Executing: [send keys: 2 [[ChromeDriver: chrome on LINUX (a4a410364035f3121aa00e6aa7691ced)] -> css selector: #login input.form-control[type='password']], [a]])
19:32:53.020 INFO - Done: [send keys: 2 [[ChromeDriver: chrome on LINUX (a4a410364035f3121aa00e6aa7691ced)] -> css selector: #login input.form-control[type='password']], [a]]
19:32:53.024 INFO - Executing: [find element: By.cssSelector: #login button:nth-of-type(1)])
19:32:53.039 INFO - Done: [find element: By.cssSelector: #login button:nth-of-type(1)]
19:32:53.043 INFO - Executing: [click: 3 [[ChromeDriver: chrome on LINUX (a4a410364035f3121aa00e6aa7691ced)] -> css selector: #login button:nth-of-type(1)]])
19:32:53.072 INFO - Done: [click: 3 [[ChromeDriver: chrome on LINUX (a4a410364035f3121aa00e6aa7691ced)] -> css selector: #login button:nth-of-type(1)]]
19:32:54.080 INFO - Executing: [find elements: By.cssSelector: #search])
19:32:54.107 INFO - Done: [find elements: By.cssSelector: #search]
19:32:54.114 INFO - Executing: [find elements: By.cssSelector: .navbar .navbar-right a])
19:32:54.138 INFO - Done: [find elements: By.cssSelector: .navbar .navbar-right a]
19:32:54.143 INFO - Executing: [find element: By.cssSelector: .navbar .navbar-right a])
19:32:54.165 INFO - Done: [find element: By.cssSelector: .navbar .navbar-right a]
19:32:54.170 INFO - Executing: [click: 5 [[ChromeDriver: chrome on LINUX (a4a410364035f3121aa00e6aa7691ced)] -> css selector: .navbar .navbar-right a]])
19:32:54.208 INFO - Done: [click: 5 [[ChromeDriver: chrome on LINUX (a4a410364035f3121aa00e6aa7691ced)] -> css selector: .navbar .navbar-right a]]
19:32:55.216 INFO - Executing: [find elements: By.cssSelector: #login])
19:32:55.228 INFO - Done: [find elements: By.cssSelector: #login]
19:32:55.233 INFO - Executing: [delete session: 24c3af51-e47f-48c9-b1c4-0d6e1dcba9ef])
19:32:55.302 INFO - Done: [delete session: 24c3af51-e47f-48c9-b1c4-0d6e1dcba9ef]
19:32:55.345 INFO - Executing: [new session: Capabilities [{platform=ANY, acceptSslCerts=true, javascriptEnabled=true, browserName=chrome, name=Search Tests}]])
19:32:55.346 INFO - Creating a new session for Capabilities [{platform=ANY, acceptSslCerts=true, javascriptEnabled=true, browserName=chrome, name=Search Tests}]
Starting ChromeDriver (v2.9.248304) on port 5445
[0,007][WARNING]: PAC support disabled because there is no system implementation
19:32:55.866 INFO - Done: [new session: Capabilities [{platform=ANY, acceptSslCerts=true, javascriptEnabled=true, browserName=chrome, name=Search Tests}]]
19:32:55.872 INFO - Executing: [get: http://localhost:4000])
19:32:56.851 INFO - Done: [get: http://localhost:4000]
19:32:56.857 INFO - Executing: [find elements: By.cssSelector: #login])
19:32:56.881 INFO - Done: [find elements: By.cssSelector: #login]
19:32:57.385 INFO - Executing: [find elements: By.cssSelector: #login])
19:32:57.420 INFO - Done: [find elements: By.cssSelector: #login]
19:32:57.423 INFO - Executing: [is displayed: 0 [[ChromeDriver: chrome on LINUX (653977d17448c3bbc162edb374399cab)] -> css selector: #login]])
19:32:57.444 INFO - Done: [is displayed: 0 [[ChromeDriver: chrome on LINUX (653977d17448c3bbc162edb374399cab)] -> css selector: #login]]
19:32:57.447 INFO - Executing: [find element: By.cssSelector: #login input.form-control[type='text']])
19:32:57.462 INFO - Done: [find element: By.cssSelector: #login input.form-control[type='text']]
19:32:57.464 INFO - Executing: [clear: 1 [[ChromeDriver: chrome on LINUX (653977d17448c3bbc162edb374399cab)] -> css selector: #login input.form-control[type='text']]])
19:32:57.487 INFO - Done: [clear: 1 [[ChromeDriver: chrome on LINUX (653977d17448c3bbc162edb374399cab)] -> css selector: #login input.form-control[type='text']]]
19:32:57.492 INFO - Executing: [find element: By.cssSelector: #login input.form-control[type='text']])
19:32:57.509 INFO - Done: [find element: By.cssSelector: #login input.form-control[type='text']]
19:32:57.511 INFO - Executing: [send keys: 1 [[ChromeDriver: chrome on LINUX (653977d17448c3bbc162edb374399cab)] -> css selector: #login input.form-control[type='text']], [a]])
19:32:57.551 INFO - Done: [send keys: 1 [[ChromeDriver: chrome on LINUX (653977d17448c3bbc162edb374399cab)] -> css selector: #login input.form-control[type='text']], [a]]
19:32:57.554 INFO - Executing: [find element: By.cssSelector: #login input.form-control[type='password']])
19:32:57.567 INFO - Done: [find element: By.cssSelector: #login input.form-control[type='password']]
19:32:57.570 INFO - Executing: [clear: 2 [[ChromeDriver: chrome on LINUX (653977d17448c3bbc162edb374399cab)] -> css selector: #login input.form-control[type='password']]])
19:32:57.590 INFO - Done: [clear: 2 [[ChromeDriver: chrome on LINUX (653977d17448c3bbc162edb374399cab)] -> css selector: #login input.form-control[type='password']]]
19:32:57.593 INFO - Executing: [find element: By.cssSelector: #login input.form-control[type='password']])
19:32:57.606 INFO - Done: [find element: By.cssSelector: #login input.form-control[type='password']]
19:32:57.609 INFO - Executing: [send keys: 2 [[ChromeDriver: chrome on LINUX (653977d17448c3bbc162edb374399cab)] -> css selector: #login input.form-control[type='password']], [a]])
19:32:57.647 INFO - Done: [send keys: 2 [[ChromeDriver: chrome on LINUX (653977d17448c3bbc162edb374399cab)] -> css selector: #login input.form-control[type='password']], [a]]
19:32:57.650 INFO - Executing: [find element: By.cssSelector: #login button:nth-of-type(1)])
19:32:57.663 INFO - Done: [find element: By.cssSelector: #login button:nth-of-type(1)]
19:32:57.666 INFO - Executing: [click: 3 [[ChromeDriver: chrome on LINUX (653977d17448c3bbc162edb374399cab)] -> css selector: #login button:nth-of-type(1)]])
19:32:57.696 INFO - Done: [click: 3 [[ChromeDriver: chrome on LINUX (653977d17448c3bbc162edb374399cab)] -> css selector: #login button:nth-of-type(1)]]
19:32:58.705 INFO - Executing: [get: http://localhost:4000/#/search])
19:32:58.740 INFO - Done: [get: http://localhost:4000/#/search]
19:32:58.744 INFO - Executing: [find elements: By.cssSelector: #search])
19:32:58.771 INFO - Done: [find elements: By.cssSelector: #search]
19:32:58.774 INFO - Executing: [is displayed: 4 [[ChromeDriver: chrome on LINUX (653977d17448c3bbc162edb374399cab)] -> css selector: #search]])
19:32:58.795 INFO - Done: [is displayed: 4 [[ChromeDriver: chrome on LINUX (653977d17448c3bbc162edb374399cab)] -> css selector: #search]]
19:32:58.799 INFO - Executing: [find element: By.cssSelector: #search input.form-control])
19:32:58.819 INFO - Done: [find element: By.cssSelector: #search input.form-control]
19:32:58.823 INFO - Executing: [send keys: 5 [[ChromeDriver: chrome on LINUX (653977d17448c3bbc162edb374399cab)] -> css selector: #search input.form-control], [D, r, a, g, o, n, T, a, b, s]])
19:32:58.880 INFO - Done: [send keys: 5 [[ChromeDriver: chrome on LINUX (653977d17448c3bbc162edb374399cab)] -> css selector: #search input.form-control], [D, r, a, g, o, n, T, a, b, s]]
19:32:58.882 INFO - Executing: [find element: By.cssSelector: #search span.glyphicon-search])
19:32:58.899 INFO - Done: [find element: By.cssSelector: #search span.glyphicon-search]
19:32:58.902 INFO - Executing: [click: 6 [[ChromeDriver: chrome on LINUX (653977d17448c3bbc162edb374399cab)] -> css selector: #search span.glyphicon-search]])
19:32:58.932 INFO - Done: [click: 6 [[ChromeDriver: chrome on LINUX (653977d17448c3bbc162edb374399cab)] -> css selector: #search span.glyphicon-search]]
19:32:58.935 INFO - Executing: [find elements: By.cssSelector: #search table])
19:32:58.950 INFO - Done: [find elements: By.cssSelector: #search table]
19:32:59.456 INFO - Executing: [find elements: By.cssSelector: #search table])
19:32:59.483 INFO - Done: [find elements: By.cssSelector: #search table]
19:32:59.486 INFO - Executing: [is displayed: 7 [[ChromeDriver: chrome on LINUX (653977d17448c3bbc162edb374399cab)] -> css selector: #search table]])
19:32:59.512 INFO - Done: [is displayed: 7 [[ChromeDriver: chrome on LINUX (653977d17448c3bbc162edb374399cab)] -> css selector: #search table]]
19:32:59.516 INFO - Executing: [delete session: 41a3d84d-dd71-40d1-acec-aaebe5ac6bf7])
19:32:59.582 INFO - Done: [delete session: 41a3d84d-dd71-40d1-acec-aaebe5ac6bf7]
