Pig Stack Trace
---------------
ERROR 2999: Unexpected internal error. missing } after property list (/home/zoliqa/Documents/drugsdb/app/data.import/pig.queries/udfs/create_keywords_bag.js#15)

org.mozilla.javascript.EvaluatorException: missing } after property list (/home/zoliqa/Documents/drugsdb/app/data.import/pig.queries/udfs/create_keywords_bag.js#15)
	at org.mozilla.javascript.DefaultErrorReporter.runtimeError(DefaultErrorReporter.java:109)
	at org.mozilla.javascript.DefaultErrorReporter.error(DefaultErrorReporter.java:96)
	at org.mozilla.javascript.Parser.addError(Parser.java:146)
	at org.mozilla.javascript.Parser.reportError(Parser.java:160)
	at org.mozilla.javascript.Parser.mustMatchToken(Parser.java:246)
	at org.mozilla.javascript.Parser.primaryExpr(Parser.java:2375)
	at org.mozilla.javascript.Parser.memberExpr(Parser.java:1955)
	at org.mozilla.javascript.Parser.unaryExpr(Parser.java:1813)
	at org.mozilla.javascript.Parser.mulExpr(Parser.java:1742)
	at org.mozilla.javascript.Parser.addExpr(Parser.java:1723)
	at org.mozilla.javascript.Parser.shiftExpr(Parser.java:1703)
	at org.mozilla.javascript.Parser.relExpr(Parser.java:1677)
	at org.mozilla.javascript.Parser.eqExpr(Parser.java:1633)
	at org.mozilla.javascript.Parser.bitAndExpr(Parser.java:1622)
	at org.mozilla.javascript.Parser.bitXorExpr(Parser.java:1611)
	at org.mozilla.javascript.Parser.bitOrExpr(Parser.java:1600)
	at org.mozilla.javascript.Parser.andExpr(Parser.java:1588)
	at org.mozilla.javascript.Parser.orExpr(Parser.java:1576)
	at org.mozilla.javascript.Parser.condExpr(Parser.java:1559)
	at org.mozilla.javascript.Parser.assignExpr(Parser.java:1544)
	at org.mozilla.javascript.Parser.argumentList(Parser.java:1910)
	at org.mozilla.javascript.Parser.memberExprTail(Parser.java:2050)
	at org.mozilla.javascript.Parser.memberExpr(Parser.java:1958)
	at org.mozilla.javascript.Parser.unaryExpr(Parser.java:1813)
	at org.mozilla.javascript.Parser.mulExpr(Parser.java:1742)
	at org.mozilla.javascript.Parser.addExpr(Parser.java:1723)
	at org.mozilla.javascript.Parser.shiftExpr(Parser.java:1703)
	at org.mozilla.javascript.Parser.relExpr(Parser.java:1677)
	at org.mozilla.javascript.Parser.eqExpr(Parser.java:1633)
	at org.mozilla.javascript.Parser.bitAndExpr(Parser.java:1622)
	at org.mozilla.javascript.Parser.bitXorExpr(Parser.java:1611)
	at org.mozilla.javascript.Parser.bitOrExpr(Parser.java:1600)
	at org.mozilla.javascript.Parser.andExpr(Parser.java:1588)
	at org.mozilla.javascript.Parser.orExpr(Parser.java:1576)
	at org.mozilla.javascript.Parser.condExpr(Parser.java:1559)
	at org.mozilla.javascript.Parser.assignExpr(Parser.java:1544)
	at org.mozilla.javascript.Parser.expr(Parser.java:1523)
	at org.mozilla.javascript.Parser.statementHelper(Parser.java:1202)
	at org.mozilla.javascript.Parser.statement(Parser.java:707)
	at org.mozilla.javascript.Parser.statements(Parser.java:655)
	at org.mozilla.javascript.Parser.statementHelper(Parser.java:1145)
	at org.mozilla.javascript.Parser.statement(Parser.java:707)
	at org.mozilla.javascript.Parser.statementHelper(Parser.java:931)
	at org.mozilla.javascript.Parser.statement(Parser.java:707)
	at org.mozilla.javascript.Parser.statements(Parser.java:655)
	at org.mozilla.javascript.Parser.statementHelper(Parser.java:1145)
	at org.mozilla.javascript.Parser.statement(Parser.java:707)
	at org.mozilla.javascript.Parser.statementHelper(Parser.java:931)
	at org.mozilla.javascript.Parser.statement(Parser.java:707)
	at org.mozilla.javascript.Parser.parseFunctionBody(Parser.java:463)
	at org.mozilla.javascript.Parser.function(Parser.java:592)
	at org.mozilla.javascript.Parser.parse(Parser.java:394)
	at org.mozilla.javascript.Parser.parse(Parser.java:359)
	at org.mozilla.javascript.Context.compileImpl(Context.java:2370)
	at org.mozilla.javascript.Context.compileReader(Context.java:1321)
	at org.mozilla.javascript.Context.compileReader(Context.java:1293)
	at org.mozilla.javascript.Context.evaluateReader(Context.java:1132)
	at org.apache.pig.scripting.js.JsScriptEngine.jsEval(JsScriptEngine.java:147)
	at org.apache.pig.scripting.js.JsScriptEngine.load(JsScriptEngine.java:207)
	at org.apache.pig.scripting.js.JsScriptEngine.registerFunctions(JsScriptEngine.java:239)
	at org.apache.pig.PigServer.registerCode(PigServer.java:608)
	at org.apache.pig.tools.grunt.GruntParser.processRegister(GruntParser.java:471)
	at org.apache.pig.tools.pigscript.parser.PigScriptParser.parse(PigScriptParser.java:550)
	at org.apache.pig.tools.grunt.GruntParser.parseStopOnError(GruntParser.java:230)
	at org.apache.pig.tools.grunt.GruntParser.parseStopOnError(GruntParser.java:205)
	at org.apache.pig.tools.grunt.Grunt.exec(Grunt.java:81)
	at org.apache.pig.Main.run(Main.java:631)
	at org.apache.pig.Main.main(Main.java:177)
	at sun.reflect.NativeMethodAccessorImpl.invoke0(Native Method)
	at sun.reflect.NativeMethodAccessorImpl.invoke(NativeMethodAccessorImpl.java:57)
	at sun.reflect.DelegatingMethodAccessorImpl.invoke(DelegatingMethodAccessorImpl.java:43)
	at java.lang.reflect.Method.invoke(Method.java:606)
	at org.apache.hadoop.util.RunJar.run(RunJar.java:221)
	at org.apache.hadoop.util.RunJar.main(RunJar.java:136)
================================================================================
