Pig Stack Trace
---------------
ERROR 1108: 
<file create_findings_collection.pig, line 12, column 39> Duplicate schema alias: candidateMatched

org.apache.pig.impl.logicalLayer.FrontendException: ERROR 1066: Unable to open iterator for alias drugsFlatWithGroup
	at org.apache.pig.PigServer.openIterator(PigServer.java:935)
	at org.apache.pig.tools.grunt.GruntParser.processDump(GruntParser.java:754)
	at org.apache.pig.tools.pigscript.parser.PigScriptParser.parse(PigScriptParser.java:376)
	at org.apache.pig.tools.grunt.GruntParser.parseStopOnError(GruntParser.java:230)
	at org.apache.pig.tools.grunt.GruntParser.parseStopOnError(GruntParser.java:205)
	at org.apache.pig.tools.grunt.Grunt.exec(Grunt.java:81)
	at org.apache.pig.Main.run(Main.java:631)
	at org.apache.pig.Main.main(Main.java:177)
	at sun.reflect.NativeMethodAccessorImpl.invoke0(Native Method)
	at sun.reflect.NativeMethodAccessorImpl.invoke(NativeMethodAccessorImpl.java:57)
	at sun.reflect.DelegatingMethodAccessorImpl.invoke(DelegatingMethodAccessorImpl.java:43)
	at java.lang.reflect.Method.invoke(Method.java:606)
	at org.apache.hadoop.util.RunJar.run(RunJar.java:221)
	at org.apache.hadoop.util.RunJar.main(RunJar.java:136)
Caused by: org.apache.pig.PigException: ERROR 1002: Unable to store alias drugsFlatWithGroup
	at org.apache.pig.PigServer.storeEx(PigServer.java:1038)
	at org.apache.pig.PigServer.store(PigServer.java:997)
	at org.apache.pig.PigServer.openIterator(PigServer.java:910)
	... 13 more
Caused by: org.apache.pig.impl.plan.PlanValidationException: ERROR 1108: 
<file create_findings_collection.pig, line 12, column 39> Duplicate schema alias: candidateMatched
	at org.apache.pig.newplan.logical.visitor.SchemaAliasVisitor.validate(SchemaAliasVisitor.java:75)
	at org.apache.pig.newplan.logical.visitor.SchemaAliasVisitor.visit(SchemaAliasVisitor.java:105)
	at org.apache.pig.newplan.logical.relational.LOGenerate.accept(LOGenerate.java:245)
	at org.apache.pig.newplan.DependencyOrderWalker.walk(DependencyOrderWalker.java:75)
	at org.apache.pig.newplan.PlanVisitor.visit(PlanVisitor.java:52)
	at org.apache.pig.newplan.logical.visitor.SchemaAliasVisitor.visit(SchemaAliasVisitor.java:100)
	at org.apache.pig.newplan.logical.relational.LOForEach.accept(LOForEach.java:87)
	at org.apache.pig.newplan.DependencyOrderWalker.walk(DependencyOrderWalker.java:75)
	at org.apache.pig.newplan.PlanVisitor.visit(PlanVisitor.java:52)
	at org.apache.pig.newplan.logical.relational.LogicalPlan.validate(LogicalPlan.java:176)
	at org.apache.pig.PigServer$Graph.compile(PigServer.java:1767)
	at org.apache.pig.PigServer$Graph.access$300(PigServer.java:1443)
	at org.apache.pig.PigServer.storeEx(PigServer.java:1033)
	... 15 more
================================================================================
