Pig Stack Trace
---------------
ERROR 2999: Unexpected internal error. ReferenceError: "createSubstancesBag" is not defined. (/home/zoliqa/Documents/drugsdb/app/data.import/pig.queries/udfs/create_keywords_bag.js#1)

org.mozilla.javascript.EcmaError: ReferenceError: "createSubstancesBag" is not defined. (/home/zoliqa/Documents/drugsdb/app/data.import/pig.queries/udfs/create_keywords_bag.js#1)
	at org.mozilla.javascript.ScriptRuntime.constructError(ScriptRuntime.java:3654)
	at org.mozilla.javascript.ScriptRuntime.constructError(ScriptRuntime.java:3632)
	at org.mozilla.javascript.ScriptRuntime.notFoundError(ScriptRuntime.java:3717)
	at org.mozilla.javascript.ScriptRuntime.name(ScriptRuntime.java:1692)
	at org.mozilla.javascript.gen.c2._c0(/home/zoliqa/Documents/drugsdb/app/data.import/pig.queries/udfs/create_keywords_bag.js:1)
	at org.mozilla.javascript.gen.c2.call(/home/zoliqa/Documents/drugsdb/app/data.import/pig.queries/udfs/create_keywords_bag.js)
	at org.mozilla.javascript.ContextFactory.doTopCall(ContextFactory.java:398)
	at org.mozilla.javascript.ScriptRuntime.doTopCall(ScriptRuntime.java:3065)
	at org.mozilla.javascript.gen.c2.call(/home/zoliqa/Documents/drugsdb/app/data.import/pig.queries/udfs/create_keywords_bag.js)
	at org.mozilla.javascript.gen.c2.exec(/home/zoliqa/Documents/drugsdb/app/data.import/pig.queries/udfs/create_keywords_bag.js)
	at org.mozilla.javascript.Context.evaluateReader(Context.java:1135)
	at org.apache.pig.scripting.js.JsScriptEngine.jsEval(JsScriptEngine.java:147)
	at org.apache.pig.scripting.js.JsScriptEngine.load(JsScriptEngine.java:207)
	at org.apache.pig.scripting.js.JsScriptEngine.registerFunctions(JsScriptEngine.java:239)
	at org.apache.pig.PigServer.registerCode(PigServer.java:608)
	at org.apache.pig.tools.grunt.GruntParser.processRegister(GruntParser.java:471)
	at org.apache.pig.tools.pigscript.parser.PigScriptParser.parse(PigScriptParser.java:550)
	at org.apache.pig.tools.grunt.GruntParser.parseStopOnError(GruntParser.java:230)
	at org.apache.pig.tools.grunt.GruntParser.parseStopOnError(GruntParser.java:205)
	at org.apache.pig.tools.grunt.Grunt.exec(Grunt.java:81)
	at org.apache.pig.Main.run(Main.java:631)
	at org.apache.pig.Main.main(Main.java:177)
	at sun.reflect.NativeMethodAccessorImpl.invoke0(Native Method)
	at sun.reflect.NativeMethodAccessorImpl.invoke(NativeMethodAccessorImpl.java:57)
	at sun.reflect.DelegatingMethodAccessorImpl.invoke(DelegatingMethodAccessorImpl.java:43)
	at java.lang.reflect.Method.invoke(Method.java:606)
	at org.apache.hadoop.util.RunJar.run(RunJar.java:221)
	at org.apache.hadoop.util.RunJar.main(RunJar.java:136)
================================================================================
