Pig Stack Trace
---------------
ERROR 1003: Unable to find an operator for alias findingsWidthDrugs

org.apache.pig.impl.logicalLayer.FrontendException: ERROR 1001: Unable to describe schema for alias findingsWidthDrugs
	at org.apache.pig.PigServer.dumpSchema(PigServer.java:823)
	at org.apache.pig.tools.grunt.GruntParser.processDescribe(GruntParser.java:321)
	at org.apache.pig.tools.pigscript.parser.PigScriptParser.parse(PigScriptParser.java:416)
	at org.apache.pig.tools.grunt.GruntParser.parseStopOnError(GruntParser.java:230)
	at org.apache.pig.tools.grunt.GruntParser.parseStopOnError(GruntParser.java:205)
	at org.apache.pig.tools.grunt.Grunt.exec(Grunt.java:81)
	at org.apache.pig.Main.run(Main.java:631)
	at org.apache.pig.Main.main(Main.java:177)
	at sun.reflect.NativeMethodAccessorImpl.invoke0(Native Method)
	at sun.reflect.NativeMethodAccessorImpl.invoke(NativeMethodAccessorImpl.java:57)
	at sun.reflect.DelegatingMethodAccessorImpl.invoke(DelegatingMethodAccessorImpl.java:43)
	at java.lang.reflect.Method.invoke(Method.java:606)
	at org.apache.hadoop.util.RunJar.run(RunJar.java:221)
	at org.apache.hadoop.util.RunJar.main(RunJar.java:136)
Caused by: org.apache.pig.impl.logicalLayer.FrontendException: ERROR 1003: Unable to find an operator for alias findingsWidthDrugs
	at org.apache.pig.PigServer$Graph.buildPlan(PigServer.java:1544)
	at org.apache.pig.PigServer.buildStorePlan(PigServer.java:1331)
	at org.apache.pig.PigServer.getOperatorForAlias(PigServer.java:1418)
	at org.apache.pig.PigServer.dumpSchema(PigServer.java:806)
	... 13 more
================================================================================
