Pig Stack Trace
---------------
ERROR 1200: Pig script failed to parse: 
<file create_findings_collection.pig, line 13, column 0> pig script failed to validate: java.lang.RuntimeException: could not instantiate 'PigStorage' with arguments '[   ]'

org.apache.pig.impl.logicalLayer.FrontendException: ERROR 1000: Error during parsing. Pig script failed to parse: 
<file create_findings_collection.pig, line 13, column 0> pig script failed to validate: java.lang.RuntimeException: could not instantiate 'PigStorage' with arguments '[   ]'
	at org.apache.pig.PigServer$Graph.parseQuery(PigServer.java:1748)
	at org.apache.pig.PigServer$Graph.access$000(PigServer.java:1443)
	at org.apache.pig.PigServer.parseAndBuild(PigServer.java:387)
	at org.apache.pig.tools.grunt.GruntParser.processDescribe(GruntParser.java:300)
	at org.apache.pig.tools.pigscript.parser.PigScriptParser.parse(PigScriptParser.java:416)
	at org.apache.pig.tools.grunt.GruntParser.parseStopOnError(GruntParser.java:230)
	at org.apache.pig.tools.grunt.GruntParser.parseStopOnError(GruntParser.java:205)
	at org.apache.pig.tools.grunt.Grunt.exec(Grunt.java:81)
	at org.apache.pig.Main.run(Main.java:631)
	at org.apache.pig.Main.main(Main.java:177)
	at sun.reflect.NativeMethodAccessorImpl.invoke0(Native Method)
	at sun.reflect.NativeMethodAccessorImpl.invoke(NativeMethodAccessorImpl.java:57)
	at sun.reflect.DelegatingMethodAccessorImpl.invoke(DelegatingMethodAccessorImpl.java:43)
	at java.lang.reflect.Method.invoke(Method.java:606)
	at org.apache.hadoop.util.RunJar.run(RunJar.java:221)
	at org.apache.hadoop.util.RunJar.main(RunJar.java:136)
Caused by: Failed to parse: Pig script failed to parse: 
<file create_findings_collection.pig, line 13, column 0> pig script failed to validate: java.lang.RuntimeException: could not instantiate 'PigStorage' with arguments '[   ]'
	at org.apache.pig.parser.QueryParserDriver.parse(QueryParserDriver.java:199)
	at org.apache.pig.PigServer$Graph.parseQuery(PigServer.java:1735)
	... 15 more
Caused by: 
<file create_findings_collection.pig, line 13, column 0> pig script failed to validate: java.lang.RuntimeException: could not instantiate 'PigStorage' with arguments '[   ]'
	at org.apache.pig.parser.LogicalPlanBuilder.buildStoreOp(LogicalPlanBuilder.java:1009)
	at org.apache.pig.parser.LogicalPlanGenerator.store_clause(LogicalPlanGenerator.java:7806)
	at org.apache.pig.parser.LogicalPlanGenerator.op_clause(LogicalPlanGenerator.java:1669)
	at org.apache.pig.parser.LogicalPlanGenerator.general_statement(LogicalPlanGenerator.java:1102)
	at org.apache.pig.parser.LogicalPlanGenerator.statement(LogicalPlanGenerator.java:560)
	at org.apache.pig.parser.LogicalPlanGenerator.query(LogicalPlanGenerator.java:421)
	at org.apache.pig.parser.QueryParserDriver.parse(QueryParserDriver.java:191)
	... 16 more
Caused by: java.lang.RuntimeException: could not instantiate 'PigStorage' with arguments '[   ]'
	at org.apache.pig.impl.PigContext.instantiateFuncFromSpec(PigContext.java:772)
	at org.apache.pig.parser.LogicalPlanBuilder.buildStoreOp(LogicalPlanBuilder.java:988)
	... 22 more
Caused by: java.lang.reflect.InvocationTargetException
	at sun.reflect.NativeConstructorAccessorImpl.newInstance0(Native Method)
	at sun.reflect.NativeConstructorAccessorImpl.newInstance(NativeConstructorAccessorImpl.java:57)
	at sun.reflect.DelegatingConstructorAccessorImpl.newInstance(DelegatingConstructorAccessorImpl.java:45)
	at java.lang.reflect.Constructor.newInstance(Constructor.java:526)
	at org.apache.pig.impl.PigContext.instantiateFuncFromSpec(PigContext.java:740)
	... 23 more
Caused by: java.lang.IllegalArgumentException: Delimeter must be a single character    
	at org.apache.pig.impl.util.StorageUtil.parseFieldDel(StorageUtil.java:83)
	at org.apache.pig.builtin.PigStorage.<init>(PigStorage.java:210)
	at org.apache.pig.builtin.PigStorage.<init>(PigStorage.java:192)
	... 28 more
================================================================================
