Pig Stack Trace
---------------
ERROR 2997: Encountered IOException. File /home/zoliqa/Documents/drugsdb/app/data.import/pig.queries/udfs/create_keywords_bag.js does not exist

java.io.FileNotFoundException: File /home/zoliqa/Documents/drugsdb/app/data.import/pig.queries/udfs/create_keywords_bag.js does not exist
	at org.apache.hadoop.fs.RawLocalFileSystem.deprecatedGetFileStatus(RawLocalFileSystem.java:537)
	at org.apache.hadoop.fs.RawLocalFileSystem.getFileLinkStatusInternal(RawLocalFileSystem.java:750)
	at org.apache.hadoop.fs.RawLocalFileSystem.getFileStatus(RawLocalFileSystem.java:527)
	at org.apache.hadoop.fs.FilterFileSystem.getFileStatus(FilterFileSystem.java:409)
	at org.apache.pig.impl.io.FileLocalizer.fetchFilesInternal(FileLocalizer.java:818)
	at org.apache.pig.impl.io.FileLocalizer.fetchFile(FileLocalizer.java:756)
	at org.apache.pig.PigServer.registerCode(PigServer.java:593)
	at org.apache.pig.tools.grunt.GruntParser.processRegister(GruntParser.java:471)
	at org.apache.pig.tools.pigscript.parser.PigScriptParser.parse(PigScriptParser.java:550)
	at org.apache.pig.tools.grunt.GruntParser.parseStopOnError(GruntParser.java:230)
	at org.apache.pig.tools.grunt.GruntParser.parseStopOnError(GruntParser.java:205)
	at org.apache.pig.tools.grunt.Grunt.exec(Grunt.java:81)
	at org.apache.pig.Main.run(Main.java:631)
	at org.apache.pig.Main.main(Main.java:177)
	at sun.reflect.NativeMethodAccessorImpl.invoke0(Native Method)
	at sun.reflect.NativeMethodAccessorImpl.invoke(NativeMethodAccessorImpl.java:57)
	at sun.reflect.DelegatingMethodAccessorImpl.invoke(DelegatingMethodAccessorImpl.java:43)
	at java.lang.reflect.Method.invoke(Method.java:606)
	at org.apache.hadoop.util.RunJar.run(RunJar.java:221)
	at org.apache.hadoop.util.RunJar.main(RunJar.java:136)
================================================================================
